2020.07.25 15:12:04 INFO  started: Metals version 0.9.2 in workspace 'F:\ucsc\2 year\lecs\SCS2204 FUNCTIONAL PROGEAMMING\Assignments\FunctionalProgramingAssignments\Assignment_Functions and Data' for client vscode.
2020.07.25 15:12:06 INFO  time: initialize in 2.51s
2020.07.25 15:12:10 WARN  no build tool detected in workspace 'F:\ucsc\2 year\lecs\SCS2204 FUNCTIONAL PROGEAMMING\Assignments\FunctionalProgramingAssignments\Assignment_Functions and Data'. The most common cause for this problem is that the editor was opened in the wrong working directory, for example if you use sbt then the workspace directory should contain build.sbt. 
2020.07.25 15:12:10 INFO  no build target: using presentation compiler with only scala-library
2020.07.25 15:12:16 WARN  no build target for: F:\ucsc\2 year\lecs\SCS2204 FUNCTIONAL PROGEAMMING\Assignments\FunctionalProgramingAssignments\Assignment_Functions and Data\Q1.scala
Jul 25, 2020 3:20:25 PM org.eclipse.lsp4j.jsonrpc.RemoteEndpoint handleCancellation
WARNING: Unmatched cancel notification for request id 30
2020.07.25 15:25:29 WARN  no build target for: F:\ucsc\2 year\lecs\SCS2204 FUNCTIONAL PROGEAMMING\Assignments\FunctionalProgramingAssignments\Assignment_Functions and Data\Q1.scala
2020.07.25 15:26:00 WARN  no build target for: F:\ucsc\2 year\lecs\SCS2204 FUNCTIONAL PROGEAMMING\Assignments\FunctionalProgramingAssignments\Assignment_Functions and Data\Q1.scala
2020.07.25 15:37:40 WARN  no build target for: F:\ucsc\2 year\lecs\SCS2204 FUNCTIONAL PROGEAMMING\Assignments\FunctionalProgramingAssignments\Assignment_Functions and Data\Q1.scala
2020.07.25 15:38:05 WARN  no build target for: F:\ucsc\2 year\lecs\SCS2204 FUNCTIONAL PROGEAMMING\Assignments\FunctionalProgramingAssignments\Assignment_Functions and Data\Q1.scala
2020.07.25 15:39:37 WARN  no build target for: F:\ucsc\2 year\lecs\SCS2204 FUNCTIONAL PROGEAMMING\Assignments\FunctionalProgramingAssignments\Assignment_Functions and Data\Q1.scala
2020.07.25 15:45:18 WARN  no build target for: F:\ucsc\2 year\lecs\SCS2204 FUNCTIONAL PROGEAMMING\Assignments\FunctionalProgramingAssignments\Assignment_Functions and Data\Q1.scala
2020.07.25 15:45:43 WARN  no build target for: F:\ucsc\2 year\lecs\SCS2204 FUNCTIONAL PROGEAMMING\Assignments\FunctionalProgramingAssignments\Assignment_Functions and Data\Q1.scala
2020.07.25 15:46:20 WARN  no build target for: F:\ucsc\2 year\lecs\SCS2204 FUNCTIONAL PROGEAMMING\Assignments\FunctionalProgramingAssignments\Assignment_Functions and Data\Q1.scala
2020.07.25 15:47:37 WARN  no build target for: F:\ucsc\2 year\lecs\SCS2204 FUNCTIONAL PROGEAMMING\Assignments\FunctionalProgramingAssignments\Assignment_Functions and Data\Q1.scala
2020.07.25 15:48:04 WARN  no build target for: F:\ucsc\2 year\lecs\SCS2204 FUNCTIONAL PROGEAMMING\Assignments\FunctionalProgramingAssignments\Assignment_Functions and Data\Q2.scala
2020.07.25 15:51:54 WARN  no build target for: F:\ucsc\2 year\lecs\SCS2204 FUNCTIONAL PROGEAMMING\Assignments\FunctionalProgramingAssignments\Assignment_Functions and Data\Q1.scala
2020.07.25 15:55:48 WARN  no build target for: F:\ucsc\2 year\lecs\SCS2204 FUNCTIONAL PROGEAMMING\Assignments\FunctionalProgramingAssignments\Assignment_Functions and Data\Q2.scala
2020.07.25 16:04:12 WARN  no build target for: F:\ucsc\2 year\lecs\SCS2204 FUNCTIONAL PROGEAMMING\Assignments\FunctionalProgramingAssignments\Assignment_Functions and Data\Q1.scala
2020.07.25 16:04:44 WARN  no build target for: F:\ucsc\2 year\lecs\SCS2204 FUNCTIONAL PROGEAMMING\Assignments\FunctionalProgramingAssignments\Assignment_Functions and Data\Q1.scala
2020.07.25 16:05:16 WARN  no build target for: F:\ucsc\2 year\lecs\SCS2204 FUNCTIONAL PROGEAMMING\Assignments\FunctionalProgramingAssignments\Assignment_Functions and Data\Q2.scala
2020.07.25 18:50:28 WARN  no build target for: F:\ucsc\2 year\lecs\SCS2204 FUNCTIONAL PROGEAMMING\Assignments\FunctionalProgramingAssignments\Assignment_Functions and Data\Q2.scala
2020.07.25 18:50:30 INFO  shutting down Metals
2020.07.25 21:43:08 INFO  started: Metals version 0.9.2 in workspace 'F:\ucsc\2 year\lecs\SCS2204 FUNCTIONAL PROGEAMMING\Assignments\FunctionalProgramingAssignments\Assignment_Functions and Data' for client vscode.
2020.07.25 21:43:11 INFO  time: initialize in 3.5s
2020.07.25 21:43:13 WARN  no build tool detected in workspace 'F:\ucsc\2 year\lecs\SCS2204 FUNCTIONAL PROGEAMMING\Assignments\FunctionalProgramingAssignments\Assignment_Functions and Data'. The most common cause for this problem is that the editor was opened in the wrong working directory, for example if you use sbt then the workspace directory should contain build.sbt. 
2020.07.25 21:43:13 INFO  no build target: using presentation compiler with only scala-library
2020.07.25 21:43:16 WARN  no build target for: F:\ucsc\2 year\lecs\SCS2204 FUNCTIONAL PROGEAMMING\Assignments\FunctionalProgramingAssignments\Assignment_Functions and Data\Q2.scala
Jul 25, 2020 9:49:04 PM org.eclipse.lsp4j.jsonrpc.RemoteEndpoint handleCancellation
WARNING: Unmatched cancel notification for request id 92
2020.07.25 21:54:43 WARN  no build target for: F:\ucsc\2 year\lecs\SCS2204 FUNCTIONAL PROGEAMMING\Assignments\FunctionalProgramingAssignments\Assignment_Functions and Data\Q2.scala
2020.07.25 22:04:49 WARN  no build target for: F:\ucsc\2 year\lecs\SCS2204 FUNCTIONAL PROGEAMMING\Assignments\FunctionalProgramingAssignments\Assignment_Functions and Data\Q1.scala
2020.07.25 22:05:43 WARN  no build target for: F:\ucsc\2 year\lecs\SCS2204 FUNCTIONAL PROGEAMMING\Assignments\FunctionalProgramingAssignments\Assignment_Functions and Data\Q2.scala
2020.07.25 22:09:15 WARN  no build target for: F:\ucsc\2 year\lecs\SCS2204 FUNCTIONAL PROGEAMMING\Assignments\FunctionalProgramingAssignments\Assignment_Functions and Data\Q2.scala
2020.07.25 23:42:03 WARN  no build target for: F:\ucsc\2 year\lecs\SCS2204 FUNCTIONAL PROGEAMMING\Assignments\FunctionalProgramingAssignments\Assignment_Functions and Data\Q2.scala
2020.07.25 23:43:02 WARN  no build target for: F:\ucsc\2 year\lecs\SCS2204 FUNCTIONAL PROGEAMMING\Assignments\FunctionalProgramingAssignments\Assignment_Functions and Data\Q2.scala
2020.07.25 23:43:40 WARN  no build target for: F:\ucsc\2 year\lecs\SCS2204 FUNCTIONAL PROGEAMMING\Assignments\FunctionalProgramingAssignments\Assignment_Functions and Data\Q2.scala
2020.07.25 23:45:31 WARN  no build target for: F:\ucsc\2 year\lecs\SCS2204 FUNCTIONAL PROGEAMMING\Assignments\FunctionalProgramingAssignments\Assignment_Functions and Data\Q2.scala
2020.07.25 23:48:34 WARN  no build target for: F:\ucsc\2 year\lecs\SCS2204 FUNCTIONAL PROGEAMMING\Assignments\FunctionalProgramingAssignments\Assignment_Functions and Data\Q2.scala
2020.07.25 23:49:20 WARN  no build tool detected in workspace 'F:\ucsc\2 year\lecs\SCS2204 FUNCTIONAL PROGEAMMING\Assignments\FunctionalProgramingAssignments\Assignment_Functions and Data'. The most common cause for this problem is that the editor was opened in the wrong working directory, for example if you use sbt then the workspace directory should contain build.sbt. 
2020.07.25 23:49:20 WARN  no build target for: F:\ucsc\2 year\lecs\SCS2204 FUNCTIONAL PROGEAMMING\Assignments\FunctionalProgramingAssignments\Assignment_Functions and Data\Q2.scala
2020.07.25 23:50:09 WARN  no build target for: F:\ucsc\2 year\lecs\SCS2204 FUNCTIONAL PROGEAMMING\Assignments\FunctionalProgramingAssignments\Assignment_Functions and Data\Q3.scala
2020.07.25 23:56:03 WARN  no build target for: F:\ucsc\2 year\lecs\SCS2204 FUNCTIONAL PROGEAMMING\Assignments\FunctionalProgramingAssignments\Assignment_Functions and Data\Q3.scala
2020.07.26 00:06:03 WARN  no build target for: F:\ucsc\2 year\lecs\SCS2204 FUNCTIONAL PROGEAMMING\Assignments\FunctionalProgramingAssignments\Assignment_Functions and Data\Q3.scala
2020.07.26 00:06:56 WARN  no build target for: F:\ucsc\2 year\lecs\SCS2204 FUNCTIONAL PROGEAMMING\Assignments\FunctionalProgramingAssignments\Assignment_Functions and Data\Q3.scala
Jul 26, 2020 12:07:50 AM scala.meta.internal.pc.CompletionProvider expected$1
WARNING: offset 255, count -1, length 268
2020.07.26 00:08:35 WARN  no build target for: F:\ucsc\2 year\lecs\SCS2204 FUNCTIONAL PROGEAMMING\Assignments\FunctionalProgramingAssignments\Assignment_Functions and Data\Q3.scala
2020.07.26 00:09:42 WARN  no build target for: F:\ucsc\2 year\lecs\SCS2204 FUNCTIONAL PROGEAMMING\Assignments\FunctionalProgramingAssignments\Assignment_Functions and Data\Q3.scala
2020.07.26 00:11:35 WARN  no build target for: F:\ucsc\2 year\lecs\SCS2204 FUNCTIONAL PROGEAMMING\Assignments\FunctionalProgramingAssignments\Assignment_Functions and Data\Q3.scala
2020.07.26 00:12:34 WARN  no build target for: F:\ucsc\2 year\lecs\SCS2204 FUNCTIONAL PROGEAMMING\Assignments\FunctionalProgramingAssignments\Assignment_Functions and Data\Q3.scala
Jul 26, 2020 12:13:18 AM scala.meta.internal.pc.CompletionProvider expected$1
WARNING: offset 266, count -1, length 279
2020.07.26 00:13:24 WARN  no build target for: F:\ucsc\2 year\lecs\SCS2204 FUNCTIONAL PROGEAMMING\Assignments\FunctionalProgramingAssignments\Assignment_Functions and Data\Q3.scala
2020.07.26 00:14:54 WARN  no build target for: F:\ucsc\2 year\lecs\SCS2204 FUNCTIONAL PROGEAMMING\Assignments\FunctionalProgramingAssignments\Assignment_Functions and Data\Q3.scala
2020.07.26 00:15:30 WARN  no build target for: F:\ucsc\2 year\lecs\SCS2204 FUNCTIONAL PROGEAMMING\Assignments\FunctionalProgramingAssignments\Assignment_Functions and Data\Q3.scala
2020.07.26 00:15:30 WARN  no build target for: F:\ucsc\2 year\lecs\SCS2204 FUNCTIONAL PROGEAMMING\Assignments\FunctionalProgramingAssignments\Assignment_Functions and Data\Q3.scala
2020.07.26 00:15:30 WARN  no build target for: F:\ucsc\2 year\lecs\SCS2204 FUNCTIONAL PROGEAMMING\Assignments\FunctionalProgramingAssignments\Assignment_Functions and Data\Q3.scala
2020.07.26 00:15:31 WARN  no build target for: F:\ucsc\2 year\lecs\SCS2204 FUNCTIONAL PROGEAMMING\Assignments\FunctionalProgramingAssignments\Assignment_Functions and Data\Q3.scala
2020.07.26 00:15:58 WARN  no build target for: F:\ucsc\2 year\lecs\SCS2204 FUNCTIONAL PROGEAMMING\Assignments\FunctionalProgramingAssignments\Assignment_Functions and Data\Q3.scala
2020.07.26 00:15:58 WARN  no build target for: F:\ucsc\2 year\lecs\SCS2204 FUNCTIONAL PROGEAMMING\Assignments\FunctionalProgramingAssignments\Assignment_Functions and Data\Q3.scala
2020.07.26 00:15:58 WARN  no build target for: F:\ucsc\2 year\lecs\SCS2204 FUNCTIONAL PROGEAMMING\Assignments\FunctionalProgramingAssignments\Assignment_Functions and Data\Q3.scala
2020.07.26 00:16:11 WARN  no build target for: F:\ucsc\2 year\lecs\SCS2204 FUNCTIONAL PROGEAMMING\Assignments\FunctionalProgramingAssignments\Assignment_Functions and Data\Q3.scala
2020.07.26 00:16:58 WARN  no build tool detected in workspace 'F:\ucsc\2 year\lecs\SCS2204 FUNCTIONAL PROGEAMMING\Assignments\FunctionalProgramingAssignments\Assignment_Functions and Data'. The most common cause for this problem is that the editor was opened in the wrong working directory, for example if you use sbt then the workspace directory should contain build.sbt. 
2020.07.26 00:16:58 WARN  no build target for: F:\ucsc\2 year\lecs\SCS2204 FUNCTIONAL PROGEAMMING\Assignments\FunctionalProgramingAssignments\Assignment_Functions and Data\Q3.scala
2020.07.26 00:17:51 WARN  no build target for: F:\ucsc\2 year\lecs\SCS2204 FUNCTIONAL PROGEAMMING\Assignments\FunctionalProgramingAssignments\Assignment_Functions and Data\Q3.scala
2020.07.26 00:18:09 WARN  no build target for: F:\ucsc\2 year\lecs\SCS2204 FUNCTIONAL PROGEAMMING\Assignments\FunctionalProgramingAssignments\Assignment_Functions and Data\Q3.scala
2020.07.26 00:18:52 WARN  no build target for: F:\ucsc\2 year\lecs\SCS2204 FUNCTIONAL PROGEAMMING\Assignments\FunctionalProgramingAssignments\Assignment_Functions and Data\Q3.scala
2020.07.26 00:19:10 WARN  no build target for: F:\ucsc\2 year\lecs\SCS2204 FUNCTIONAL PROGEAMMING\Assignments\FunctionalProgramingAssignments\Assignment_Functions and Data\Q3.scala
2020.07.26 00:44:21 WARN  no build target for: F:\ucsc\2 year\lecs\SCS2204 FUNCTIONAL PROGEAMMING\Assignments\FunctionalProgramingAssignments\Assignment_Functions and Data\Q3.scala
2020.07.26 00:44:25 INFO  shutting down Metals
2020.07.26 17:16:24 INFO  started: Metals version 0.9.2 in workspace 'F:\ucsc\2 year\lecs\SCS2204 FUNCTIONAL PROGEAMMING\Assignments\FunctionalProgramingAssignments\Assignment_Functions and Data' for client vscode.
2020.07.26 17:16:25 INFO  time: initialize in 1.3s
2020.07.26 17:16:26 WARN  no build tool detected in workspace 'F:\ucsc\2 year\lecs\SCS2204 FUNCTIONAL PROGEAMMING\Assignments\FunctionalProgramingAssignments\Assignment_Functions and Data'. The most common cause for this problem is that the editor was opened in the wrong working directory, for example if you use sbt then the workspace directory should contain build.sbt. 
2020.07.26 17:16:26 INFO  no build target: using presentation compiler with only scala-library
2020.07.26 17:16:29 WARN  no build target for: F:\ucsc\2 year\lecs\SCS2204 FUNCTIONAL PROGEAMMING\Assignments\FunctionalProgramingAssignments\Assignment_Functions and Data\Q3.scala
2020.07.26 17:19:56 WARN  no build target for: F:\ucsc\2 year\lecs\SCS2204 FUNCTIONAL PROGEAMMING\Assignments\FunctionalProgramingAssignments\Assignment_Functions and Data\Q1.scala
2020.07.26 17:20:04 WARN  no build target for: F:\ucsc\2 year\lecs\SCS2204 FUNCTIONAL PROGEAMMING\Assignments\FunctionalProgramingAssignments\Assignment_Functions and Data\Q2.scala
2020.07.26 17:24:12 WARN  no build target for: F:\ucsc\2 year\lecs\SCS2204 FUNCTIONAL PROGEAMMING\Assignments\FunctionalProgramingAssignments\Assignment_Functions and Data\Q3.scala
2020.07.26 17:25:17 WARN  no build target for: F:\ucsc\2 year\lecs\SCS2204 FUNCTIONAL PROGEAMMING\Assignments\FunctionalProgramingAssignments\Assignment_Functions and Data\Q3.scala
2020.07.26 17:26:15 WARN  no build target for: F:\ucsc\2 year\lecs\SCS2204 FUNCTIONAL PROGEAMMING\Assignments\FunctionalProgramingAssignments\Assignment_Functions and Data\Q3.scala
2020.07.26 17:26:59 WARN  no build target for: F:\ucsc\2 year\lecs\SCS2204 FUNCTIONAL PROGEAMMING\Assignments\FunctionalProgramingAssignments\Assignment_Functions and Data\Q3.scala
2020.07.26 17:28:20 WARN  no build target for: F:\ucsc\2 year\lecs\SCS2204 FUNCTIONAL PROGEAMMING\Assignments\FunctionalProgramingAssignments\Assignment_Functions and Data\Q3.scala
2020.07.26 17:28:48 WARN  no build target for: F:\ucsc\2 year\lecs\SCS2204 FUNCTIONAL PROGEAMMING\Assignments\FunctionalProgramingAssignments\Assignment_Functions and Data\Q3.scala
2020.07.26 17:29:30 WARN  no build target for: F:\ucsc\2 year\lecs\SCS2204 FUNCTIONAL PROGEAMMING\Assignments\FunctionalProgramingAssignments\Assignment_Functions and Data\Q3.scala
2020.07.26 17:29:44 WARN  no build tool detected in workspace 'F:\ucsc\2 year\lecs\SCS2204 FUNCTIONAL PROGEAMMING\Assignments\FunctionalProgramingAssignments\Assignment_Functions and Data'. The most common cause for this problem is that the editor was opened in the wrong working directory, for example if you use sbt then the workspace directory should contain build.sbt. 
2020.07.26 17:29:44 WARN  no build target for: F:\ucsc\2 year\lecs\SCS2204 FUNCTIONAL PROGEAMMING\Assignments\FunctionalProgramingAssignments\Assignment_Functions and Data\Q3.scala
2020.07.26 17:29:44 WARN  no build tool detected in workspace 'F:\ucsc\2 year\lecs\SCS2204 FUNCTIONAL PROGEAMMING\Assignments\FunctionalProgramingAssignments\Assignment_Functions and Data'. The most common cause for this problem is that the editor was opened in the wrong working directory, for example if you use sbt then the workspace directory should contain build.sbt. 
2020.07.26 17:41:45 WARN  no build target for: F:\ucsc\2 year\lecs\SCS2204 FUNCTIONAL PROGEAMMING\Assignments\FunctionalProgramingAssignments\Assignment_Functions and Data\Q3.scala
2020.07.26 17:42:56 WARN  no build tool detected in workspace 'F:\ucsc\2 year\lecs\SCS2204 FUNCTIONAL PROGEAMMING\Assignments\FunctionalProgramingAssignments\Assignment_Functions and Data'. The most common cause for this problem is that the editor was opened in the wrong working directory, for example if you use sbt then the workspace directory should contain build.sbt. 
2020.07.26 17:42:56 WARN  no build tool detected in workspace 'F:\ucsc\2 year\lecs\SCS2204 FUNCTIONAL PROGEAMMING\Assignments\FunctionalProgramingAssignments\Assignment_Functions and Data'. The most common cause for this problem is that the editor was opened in the wrong working directory, for example if you use sbt then the workspace directory should contain build.sbt. 
2020.07.26 17:42:57 WARN  no build target for: F:\ucsc\2 year\lecs\SCS2204 FUNCTIONAL PROGEAMMING\Assignments\FunctionalProgramingAssignments\Assignment_Functions and Data\Q3.scala
2020.07.26 17:44:20 WARN  no build target for: F:\ucsc\2 year\lecs\SCS2204 FUNCTIONAL PROGEAMMING\Assignments\FunctionalProgramingAssignments\Assignment_Functions and Data\Q3.scala
2020.07.26 17:45:07 WARN  no build target for: F:\ucsc\2 year\lecs\SCS2204 FUNCTIONAL PROGEAMMING\Assignments\FunctionalProgramingAssignments\Assignment_Functions and Data\Q3.scala
2020.07.26 17:46:56 WARN  no build target for: F:\ucsc\2 year\lecs\SCS2204 FUNCTIONAL PROGEAMMING\Assignments\FunctionalProgramingAssignments\Assignment_Functions and Data\Q3.scala
2020.07.26 17:47:22 WARN  no build target for: F:\ucsc\2 year\lecs\SCS2204 FUNCTIONAL PROGEAMMING\Assignments\FunctionalProgramingAssignments\Assignment_Functions and Data\Q3.scala
2020.07.26 17:47:38 WARN  no build target for: F:\ucsc\2 year\lecs\SCS2204 FUNCTIONAL PROGEAMMING\Assignments\FunctionalProgramingAssignments\Assignment_Functions and Data\Q3.scala
2020.07.26 17:49:40 WARN  no build target for: F:\ucsc\2 year\lecs\SCS2204 FUNCTIONAL PROGEAMMING\Assignments\FunctionalProgramingAssignments\Assignment_Functions and Data\Q3.scala
2020.07.26 17:50:16 WARN  no build target for: F:\ucsc\2 year\lecs\SCS2204 FUNCTIONAL PROGEAMMING\Assignments\FunctionalProgramingAssignments\Assignment_Functions and Data\Q3.scala
2020.07.26 17:52:21 WARN  no build target for: F:\ucsc\2 year\lecs\SCS2204 FUNCTIONAL PROGEAMMING\Assignments\FunctionalProgramingAssignments\Assignment_Functions and Data\Q3.scala
2020.07.26 17:52:21 WARN  no build target for: F:\ucsc\2 year\lecs\SCS2204 FUNCTIONAL PROGEAMMING\Assignments\FunctionalProgramingAssignments\Assignment_Functions and Data\Q3.scala
2020.07.26 17:52:21 WARN  no build target for: F:\ucsc\2 year\lecs\SCS2204 FUNCTIONAL PROGEAMMING\Assignments\FunctionalProgramingAssignments\Assignment_Functions and Data\Q3.scala
2020.07.26 17:55:58 WARN  no build target for: F:\ucsc\2 year\lecs\SCS2204 FUNCTIONAL PROGEAMMING\Assignments\FunctionalProgramingAssignments\Assignment_Functions and Data\Q3.scala
2020.07.26 17:57:36 WARN  no build target for: F:\ucsc\2 year\lecs\SCS2204 FUNCTIONAL PROGEAMMING\Assignments\FunctionalProgramingAssignments\Assignment_Functions and Data\Q3.scala
2020.07.26 17:58:20 WARN  no build target for: F:\ucsc\2 year\lecs\SCS2204 FUNCTIONAL PROGEAMMING\Assignments\FunctionalProgramingAssignments\Assignment_Functions and Data\Q3.scala
2020.07.26 17:59:58 WARN  no build target for: F:\ucsc\2 year\lecs\SCS2204 FUNCTIONAL PROGEAMMING\Assignments\FunctionalProgramingAssignments\Assignment_Functions and Data\Q3.scala
2020.07.26 17:59:58 WARN  no build target for: F:\ucsc\2 year\lecs\SCS2204 FUNCTIONAL PROGEAMMING\Assignments\FunctionalProgramingAssignments\Assignment_Functions and Data\Q3.scala
2020.07.26 18:00:46 WARN  no build target for: F:\ucsc\2 year\lecs\SCS2204 FUNCTIONAL PROGEAMMING\Assignments\FunctionalProgramingAssignments\Assignment_Functions and Data\Q3.scala
2020.07.26 18:02:52 WARN  no build target for: F:\ucsc\2 year\lecs\SCS2204 FUNCTIONAL PROGEAMMING\Assignments\FunctionalProgramingAssignments\Assignment_Functions and Data\Q3.scala
2020.07.26 18:04:38 WARN  no build target for: F:\ucsc\2 year\lecs\SCS2204 FUNCTIONAL PROGEAMMING\Assignments\FunctionalProgramingAssignments\Assignment_Functions and Data\Q3.scala
2020.07.27 00:02:01 WARN  no build target for: F:\ucsc\2 year\lecs\SCS2204 FUNCTIONAL PROGEAMMING\Assignments\FunctionalProgramingAssignments\Assignment_Functions and Data\Q4.scala
2020.07.27 00:05:04 INFO  time: code lens generation in 1m13s
2020.07.27 00:07:19 INFO  shutting down Metals
2020.07.27 00:19:03 INFO  started: Metals version 0.9.2 in workspace 'F:\ucsc\2 year\lecs\SCS2204 FUNCTIONAL PROGEAMMING\Assignments\FunctionalProgramingAssignments\Assignment_Functions and Data' for client vscode.
2020.07.27 00:19:05 INFO  time: initialize in 1.52s
2020.07.27 00:19:10 WARN  no build tool detected in workspace 'F:\ucsc\2 year\lecs\SCS2204 FUNCTIONAL PROGEAMMING\Assignments\FunctionalProgramingAssignments\Assignment_Functions and Data'. The most common cause for this problem is that the editor was opened in the wrong working directory, for example if you use sbt then the workspace directory should contain build.sbt. 
2020.07.27 00:19:10 INFO  no build target: using presentation compiler with only scala-library
2020.07.27 00:19:13 WARN  no build target for: F:\ucsc\2 year\lecs\SCS2204 FUNCTIONAL PROGEAMMING\Assignments\FunctionalProgramingAssignments\Assignment_Functions and Data\Q4.scala
2020.07.27 00:19:13 WARN  no build target for: F:\ucsc\2 year\lecs\SCS2204 FUNCTIONAL PROGEAMMING\Assignments\FunctionalProgramingAssignments\Assignment_Functions and Data\Q3.scala
something's wrong: no file:///f%3A/ucsc/2%20year/lecs/SCS2204%20FUNCTIONAL%20PROGEAMMING/Assignments/FunctionalProgramingAssignments/Assignment_Functions%20and%20Data/Q4.scala in List[<error>]RangePosition(file:///f%3A/ucsc/2%20year/lecs/SCS2204%20FUNCTIONAL%20PROGEAMMING/Assignments/FunctionalProgramingAssignments/Assignment_Functions%20and%20Data/Q4.scala, 39, 39, 53)
something's wrong: no file:///f%3A/ucsc/2%20year/lecs/SCS2204%20FUNCTIONAL%20PROGEAMMING/Assignments/FunctionalProgramingAssignments/Assignment_Functions%20and%20Data/Q4.scala in List[<error>]RangePosition(file:///f%3A/ucsc/2%20year/lecs/SCS2204%20FUNCTIONAL%20PROGEAMMING/Assignments/FunctionalProgramingAssignments/Assignment_Functions%20and%20Data/Q4.scala, 39, 39, 46)
something's wrong: no file:///f%3A/ucsc/2%20year/lecs/SCS2204%20FUNCTIONAL%20PROGEAMMING/Assignments/FunctionalProgramingAssignments/Assignment_Functions%20and%20Data/Q4.scala in List[<error>]RangePosition(file:///f%3A/ucsc/2%20year/lecs/SCS2204%20FUNCTIONAL%20PROGEAMMING/Assignments/FunctionalProgramingAssignments/Assignment_Functions%20and%20Data/Q4.scala, 39, 39, 47)
something's wrong: no file:///f%3A/ucsc/2%20year/lecs/SCS2204%20FUNCTIONAL%20PROGEAMMING/Assignments/FunctionalProgramingAssignments/Assignment_Functions%20and%20Data/Q4.scala in List[<error>]RangePosition(file:///f%3A/ucsc/2%20year/lecs/SCS2204%20FUNCTIONAL%20PROGEAMMING/Assignments/FunctionalProgramingAssignments/Assignment_Functions%20and%20Data/Q4.scala, 39, 39, 48)
something's wrong: no file:///f%3A/ucsc/2%20year/lecs/SCS2204%20FUNCTIONAL%20PROGEAMMING/Assignments/FunctionalProgramingAssignments/Assignment_Functions%20and%20Data/Q4.scala in List[<error>]RangePosition(file:///f%3A/ucsc/2%20year/lecs/SCS2204%20FUNCTIONAL%20PROGEAMMING/Assignments/FunctionalProgramingAssignments/Assignment_Functions%20and%20Data/Q4.scala, 39, 39, 49)
something's wrong: no file:///f%3A/ucsc/2%20year/lecs/SCS2204%20FUNCTIONAL%20PROGEAMMING/Assignments/FunctionalProgramingAssignments/Assignment_Functions%20and%20Data/Q4.scala in List[<error>]RangePosition(file:///f%3A/ucsc/2%20year/lecs/SCS2204%20FUNCTIONAL%20PROGEAMMING/Assignments/FunctionalProgramingAssignments/Assignment_Functions%20and%20Data/Q4.scala, 39, 39, 50)
something's wrong: no file:///f%3A/ucsc/2%20year/lecs/SCS2204%20FUNCTIONAL%20PROGEAMMING/Assignments/FunctionalProgramingAssignments/Assignment_Functions%20and%20Data/Q4.scala in List[<error>]RangePosition(file:///f%3A/ucsc/2%20year/lecs/SCS2204%20FUNCTIONAL%20PROGEAMMING/Assignments/FunctionalProgramingAssignments/Assignment_Functions%20and%20Data/Q4.scala, 39, 39, 51)
something's wrong: no file:///f%3A/ucsc/2%20year/lecs/SCS2204%20FUNCTIONAL%20PROGEAMMING/Assignments/FunctionalProgramingAssignments/Assignment_Functions%20and%20Data/Q4.scala in List[account]RangePosition(file:///f%3A/ucsc/2%20year/lecs/SCS2204%20FUNCTIONAL%20PROGEAMMING/Assignments/FunctionalProgramingAssignments/Assignment_Functions%20and%20Data/Q4.scala, 39, 39, 52)
something's wrong: no file:///f%3A/ucsc/2%20year/lecs/SCS2204%20FUNCTIONAL%20PROGEAMMING/Assignments/FunctionalProgramingAssignments/Assignment_Functions%20and%20Data/Q4.scala in List[account]RangePosition(file:///f%3A/ucsc/2%20year/lecs/SCS2204%20FUNCTIONAL%20PROGEAMMING/Assignments/FunctionalProgramingAssignments/Assignment_Functions%20and%20Data/Q4.scala, 39, 39, 52)
something's wrong: no file:///f%3A/ucsc/2%20year/lecs/SCS2204%20FUNCTIONAL%20PROGEAMMING/Assignments/FunctionalProgramingAssignments/Assignment_Functions%20and%20Data/Q4.scala in List[account]RangePosition(file:///f%3A/ucsc/2%20year/lecs/SCS2204%20FUNCTIONAL%20PROGEAMMING/Assignments/FunctionalProgramingAssignments/Assignment_Functions%20and%20Data/Q4.scala, 39, 39, 52)
2020.07.27 00:25:17 WARN  no build target for: F:\ucsc\2 year\lecs\SCS2204 FUNCTIONAL PROGEAMMING\Assignments\FunctionalProgramingAssignments\Assignment_Functions and Data\Q4.scala
2020.07.27 00:26:54 WARN  no build target for: F:\ucsc\2 year\lecs\SCS2204 FUNCTIONAL PROGEAMMING\Assignments\FunctionalProgramingAssignments\Assignment_Functions and Data\Q4.scala
2020.07.27 00:29:19 WARN  no build target for: F:\ucsc\2 year\lecs\SCS2204 FUNCTIONAL PROGEAMMING\Assignments\FunctionalProgramingAssignments\Assignment_Functions and Data\Q4.scala
2020.07.27 00:33:02 WARN  no build target for: F:\ucsc\2 year\lecs\SCS2204 FUNCTIONAL PROGEAMMING\Assignments\FunctionalProgramingAssignments\Assignment_Functions and Data\Q4.scala
2020.07.27 00:33:48 WARN  no build target for: F:\ucsc\2 year\lecs\SCS2204 FUNCTIONAL PROGEAMMING\Assignments\FunctionalProgramingAssignments\Assignment_Functions and Data\Q4.scala
2020.07.27 00:34:42 WARN  no build target for: F:\ucsc\2 year\lecs\SCS2204 FUNCTIONAL PROGEAMMING\Assignments\FunctionalProgramingAssignments\Assignment_Functions and Data\Q4.scala
2020.07.27 00:35:09 WARN  no build tool detected in workspace 'F:\ucsc\2 year\lecs\SCS2204 FUNCTIONAL PROGEAMMING\Assignments\FunctionalProgramingAssignments\Assignment_Functions and Data'. The most common cause for this problem is that the editor was opened in the wrong working directory, for example if you use sbt then the workspace directory should contain build.sbt. 
2020.07.27 00:35:09 WARN  no build target for: F:\ucsc\2 year\lecs\SCS2204 FUNCTIONAL PROGEAMMING\Assignments\FunctionalProgramingAssignments\Assignment_Functions and Data\Q4.scala
2020.07.27 00:35:56 WARN  no build target for: F:\ucsc\2 year\lecs\SCS2204 FUNCTIONAL PROGEAMMING\Assignments\FunctionalProgramingAssignments\Assignment_Functions and Data\Q4.scala
2020.07.27 00:37:38 WARN  no build target for: F:\ucsc\2 year\lecs\SCS2204 FUNCTIONAL PROGEAMMING\Assignments\FunctionalProgramingAssignments\Assignment_Functions and Data\Q3.scala
2020.07.27 00:43:18 WARN  no build target for: F:\ucsc\2 year\lecs\SCS2204 FUNCTIONAL PROGEAMMING\Assignments\FunctionalProgramingAssignments\Assignment_Functions and Data\Q3.scala
2020.07.27 00:43:50 WARN  no build target for: F:\ucsc\2 year\lecs\SCS2204 FUNCTIONAL PROGEAMMING\Assignments\FunctionalProgramingAssignments\Assignment_Functions and Data\Q3.scala
2020.07.27 00:45:14 WARN  no build target for: F:\ucsc\2 year\lecs\SCS2204 FUNCTIONAL PROGEAMMING\Assignments\FunctionalProgramingAssignments\Assignment_Functions and Data\Q3.scala
2020.07.27 00:46:45 WARN  no build target for: F:\ucsc\2 year\lecs\SCS2204 FUNCTIONAL PROGEAMMING\Assignments\FunctionalProgramingAssignments\Assignment_Functions and Data\Q3.scala
Jul 27, 2020 12:54:44 AM scala.meta.internal.pc.CompletionProvider expected$1
WARNING: offset 754, count -1, length 898
2020.07.27 00:55:46 WARN  no build tool detected in workspace 'F:\ucsc\2 year\lecs\SCS2204 FUNCTIONAL PROGEAMMING\Assignments\FunctionalProgramingAssignments\Assignment_Functions and Data'. The most common cause for this problem is that the editor was opened in the wrong working directory, for example if you use sbt then the workspace directory should contain build.sbt. 
2020.07.27 00:55:46 WARN  no build target for: F:\ucsc\2 year\lecs\SCS2204 FUNCTIONAL PROGEAMMING\Assignments\FunctionalProgramingAssignments\Assignment_Functions and Data\Q4.scala
2020.07.27 00:56:20 WARN  no build tool detected in workspace 'F:\ucsc\2 year\lecs\SCS2204 FUNCTIONAL PROGEAMMING\Assignments\FunctionalProgramingAssignments\Assignment_Functions and Data'. The most common cause for this problem is that the editor was opened in the wrong working directory, for example if you use sbt then the workspace directory should contain build.sbt. 
2020.07.27 00:56:20 WARN  no build tool detected in workspace 'F:\ucsc\2 year\lecs\SCS2204 FUNCTIONAL PROGEAMMING\Assignments\FunctionalProgramingAssignments\Assignment_Functions and Data'. The most common cause for this problem is that the editor was opened in the wrong working directory, for example if you use sbt then the workspace directory should contain build.sbt. 
2020.07.27 00:56:38 WARN  no build tool detected in workspace 'F:\ucsc\2 year\lecs\SCS2204 FUNCTIONAL PROGEAMMING\Assignments\FunctionalProgramingAssignments\Assignment_Functions and Data'. The most common cause for this problem is that the editor was opened in the wrong working directory, for example if you use sbt then the workspace directory should contain build.sbt. 
2020.07.27 00:58:21 WARN  no build target for: F:\ucsc\2 year\lecs\SCS2204 FUNCTIONAL PROGEAMMING\Assignments\FunctionalProgramingAssignments\Assignment_Functions and Data\Q4.scala
2020.07.27 01:01:28 WARN  no build target for: F:\ucsc\2 year\lecs\SCS2204 FUNCTIONAL PROGEAMMING\Assignments\FunctionalProgramingAssignments\Assignment_Functions and Data\Q3.scala
2020.07.27 02:56:42 INFO  shutting down Metals
2020.07.27 13:49:27 INFO  started: Metals version 0.9.2 in workspace 'F:\ucsc\2 year\lecs\SCS2204 FUNCTIONAL PROGEAMMING\Assignments\FunctionalProgramingAssignments\Assignment_Functions and Data' for client vscode.
2020.07.27 13:49:29 INFO  time: initialize in 2.33s
2020.07.27 13:49:35 WARN  no build tool detected in workspace 'F:\ucsc\2 year\lecs\SCS2204 FUNCTIONAL PROGEAMMING\Assignments\FunctionalProgramingAssignments\Assignment_Functions and Data'. The most common cause for this problem is that the editor was opened in the wrong working directory, for example if you use sbt then the workspace directory should contain build.sbt. 
2020.07.27 13:49:35 INFO  no build target: using presentation compiler with only scala-library
2020.07.27 13:49:40 WARN  no build target for: F:\ucsc\2 year\lecs\SCS2204 FUNCTIONAL PROGEAMMING\Assignments\FunctionalProgramingAssignments\Assignment_Functions and Data\Q4.scala
2020.07.27 13:51:23 WARN  no build target for: F:\ucsc\2 year\lecs\SCS2204 FUNCTIONAL PROGEAMMING\Assignments\FunctionalProgramingAssignments\Assignment_Functions and Data\Q3.scala
2020.07.27 14:13:31 WARN  no build target for: F:\ucsc\2 year\lecs\SCS2204 FUNCTIONAL PROGEAMMING\Assignments\FunctionalProgramingAssignments\Assignment_Functions and Data\Q4.scala
2020.07.27 14:27:00 WARN  no build target for: F:\ucsc\2 year\lecs\SCS2204 FUNCTIONAL PROGEAMMING\Assignments\FunctionalProgramingAssignments\Assignment_Functions and Data\Q4.scala
2020.07.27 14:27:13 INFO  shutting down Metals
2020.07.28 13:08:56 INFO  started: Metals version 0.9.2 in workspace 'F:\ucsc\2 year\lecs\SCS2204 FUNCTIONAL PROGEAMMING\Assignments\FunctionalProgramingAssignments\Assignment_Functions and Data' for client vscode.
2020.07.28 13:08:57 INFO  time: initialize in 1.75s
2020.07.28 13:08:59 WARN  no build tool detected in workspace 'F:\ucsc\2 year\lecs\SCS2204 FUNCTIONAL PROGEAMMING\Assignments\FunctionalProgramingAssignments\Assignment_Functions and Data'. The most common cause for this problem is that the editor was opened in the wrong working directory, for example if you use sbt then the workspace directory should contain build.sbt. 
2020.07.28 13:08:59 INFO  no build target: using presentation compiler with only scala-library
2020.07.28 13:09:03 WARN  no build target for: F:\ucsc\2 year\lecs\SCS2204 FUNCTIONAL PROGEAMMING\Assignments\FunctionalProgramingAssignments\Assignment_Functions and Data\Q4.scala
something's wrong: no file:///f%3A/ucsc/2%20year/lecs/SCS2204%20FUNCTIONAL%20PROGEAMMING/Assignments/FunctionalProgramingAssignments/Assignment_Functions%20and%20Data/Q4.scala in List[<error>]RangePosition(file:///f%3A/ucsc/2%20year/lecs/SCS2204%20FUNCTIONAL%20PROGEAMMING/Assignments/FunctionalProgramingAssignments/Assignment_Functions%20and%20Data/Q4.scala, 261, 261, 275)
something's wrong: no file:///f%3A/ucsc/2%20year/lecs/SCS2204%20FUNCTIONAL%20PROGEAMMING/Assignments/FunctionalProgramingAssignments/Assignment_Functions%20and%20Data/Q4.scala in List[<error>]RangePosition(file:///f%3A/ucsc/2%20year/lecs/SCS2204%20FUNCTIONAL%20PROGEAMMING/Assignments/FunctionalProgramingAssignments/Assignment_Functions%20and%20Data/Q4.scala, 261, 261, 268)
something's wrong: no file:///f%3A/ucsc/2%20year/lecs/SCS2204%20FUNCTIONAL%20PROGEAMMING/Assignments/FunctionalProgramingAssignments/Assignment_Functions%20and%20Data/Q4.scala in List[<error>]RangePosition(file:///f%3A/ucsc/2%20year/lecs/SCS2204%20FUNCTIONAL%20PROGEAMMING/Assignments/FunctionalProgramingAssignments/Assignment_Functions%20and%20Data/Q4.scala, 261, 261, 269)
something's wrong: no file:///f%3A/ucsc/2%20year/lecs/SCS2204%20FUNCTIONAL%20PROGEAMMING/Assignments/FunctionalProgramingAssignments/Assignment_Functions%20and%20Data/Q4.scala in List[<error>]RangePosition(file:///f%3A/ucsc/2%20year/lecs/SCS2204%20FUNCTIONAL%20PROGEAMMING/Assignments/FunctionalProgramingAssignments/Assignment_Functions%20and%20Data/Q4.scala, 261, 261, 270)
something's wrong: no file:///f%3A/ucsc/2%20year/lecs/SCS2204%20FUNCTIONAL%20PROGEAMMING/Assignments/FunctionalProgramingAssignments/Assignment_Functions%20and%20Data/Q4.scala in List[<error>]RangePosition(file:///f%3A/ucsc/2%20year/lecs/SCS2204%20FUNCTIONAL%20PROGEAMMING/Assignments/FunctionalProgramingAssignments/Assignment_Functions%20and%20Data/Q4.scala, 261, 261, 271)
something's wrong: no file:///f%3A/ucsc/2%20year/lecs/SCS2204%20FUNCTIONAL%20PROGEAMMING/Assignments/FunctionalProgramingAssignments/Assignment_Functions%20and%20Data/Q4.scala in List[<error>]RangePosition(file:///f%3A/ucsc/2%20year/lecs/SCS2204%20FUNCTIONAL%20PROGEAMMING/Assignments/FunctionalProgramingAssignments/Assignment_Functions%20and%20Data/Q4.scala, 261, 261, 272)
something's wrong: no file:///f%3A/ucsc/2%20year/lecs/SCS2204%20FUNCTIONAL%20PROGEAMMING/Assignments/FunctionalProgramingAssignments/Assignment_Functions%20and%20Data/Q4.scala in List[<error>]RangePosition(file:///f%3A/ucsc/2%20year/lecs/SCS2204%20FUNCTIONAL%20PROGEAMMING/Assignments/FunctionalProgramingAssignments/Assignment_Functions%20and%20Data/Q4.scala, 261, 261, 273)
something's wrong: no file:///f%3A/ucsc/2%20year/lecs/SCS2204%20FUNCTIONAL%20PROGEAMMING/Assignments/FunctionalProgramingAssignments/Assignment_Functions%20and%20Data/Q4.scala in List[account]RangePosition(file:///f%3A/ucsc/2%20year/lecs/SCS2204%20FUNCTIONAL%20PROGEAMMING/Assignments/FunctionalProgramingAssignments/Assignment_Functions%20and%20Data/Q4.scala, 261, 261, 274)
2020.07.28 13:11:11 WARN  no build target for: F:\ucsc\2 year\lecs\SCS2204 FUNCTIONAL PROGEAMMING\Assignments\FunctionalProgramingAssignments\Assignment_Functions and Data\Q4.scala
2020.07.28 13:12:54 WARN  no build target for: F:\ucsc\2 year\lecs\SCS2204 FUNCTIONAL PROGEAMMING\Assignments\FunctionalProgramingAssignments\Assignment_Functions and Data\Q4.scala
2020.07.28 13:13:20 WARN  no build target for: F:\ucsc\2 year\lecs\SCS2204 FUNCTIONAL PROGEAMMING\Assignments\FunctionalProgramingAssignments\Assignment_Functions and Data\Q4.scala
2020.07.28 13:14:01 WARN  no build target for: F:\ucsc\2 year\lecs\SCS2204 FUNCTIONAL PROGEAMMING\Assignments\FunctionalProgramingAssignments\Assignment_Functions and Data\Q4.scala
2020.07.28 13:14:41 WARN  no build tool detected in workspace 'F:\ucsc\2 year\lecs\SCS2204 FUNCTIONAL PROGEAMMING\Assignments\FunctionalProgramingAssignments\Assignment_Functions and Data'. The most common cause for this problem is that the editor was opened in the wrong working directory, for example if you use sbt then the workspace directory should contain build.sbt. 
2020.07.28 13:18:36 WARN  no build tool detected in workspace 'F:\ucsc\2 year\lecs\SCS2204 FUNCTIONAL PROGEAMMING\Assignments\FunctionalProgramingAssignments\Assignment_Functions and Data'. The most common cause for this problem is that the editor was opened in the wrong working directory, for example if you use sbt then the workspace directory should contain build.sbt. 
2020.07.28 13:18:36 WARN  no build tool detected in workspace 'F:\ucsc\2 year\lecs\SCS2204 FUNCTIONAL PROGEAMMING\Assignments\FunctionalProgramingAssignments\Assignment_Functions and Data'. The most common cause for this problem is that the editor was opened in the wrong working directory, for example if you use sbt then the workspace directory should contain build.sbt. 
2020.07.28 13:18:54 WARN  no build target for: F:\ucsc\2 year\lecs\SCS2204 FUNCTIONAL PROGEAMMING\Assignments\FunctionalProgramingAssignments\Assignment_Functions and Data\Q4.scala
2020.07.28 13:19:17 WARN  no build target for: F:\ucsc\2 year\lecs\SCS2204 FUNCTIONAL PROGEAMMING\Assignments\FunctionalProgramingAssignments\Assignment_Functions and Data\Q4.scala
2020.07.28 13:38:47 WARN  no build target for: F:\ucsc\2 year\lecs\SCS2204 FUNCTIONAL PROGEAMMING\Assignments\FunctionalProgramingAssignments\Assignment_Functions and Data\Q4.scala
2020.07.28 13:38:48 INFO  shutting down Metals
2020.07.28 14:14:01 INFO  started: Metals version 0.9.2 in workspace 'F:\ucsc\2 year\lecs\SCS2204 FUNCTIONAL PROGEAMMING\Assignments\FunctionalProgramingAssignments\Assignment_Functions and Data' for client vscode.
2020.07.28 14:14:03 INFO  time: initialize in 1.74s
2020.07.28 14:14:03 WARN  no build tool detected in workspace 'F:\ucsc\2 year\lecs\SCS2204 FUNCTIONAL PROGEAMMING\Assignments\FunctionalProgramingAssignments\Assignment_Functions and Data'. The most common cause for this problem is that the editor was opened in the wrong working directory, for example if you use sbt then the workspace directory should contain build.sbt. 
2020.07.28 14:14:03 INFO  no build target: using presentation compiler with only scala-library
2020.07.28 14:14:07 WARN  no build target for: F:\ucsc\2 year\lecs\SCS2204 FUNCTIONAL PROGEAMMING\Assignments\FunctionalProgramingAssignments\Assignment_Functions and Data\Q4.scala
Jul 28, 2020 2:15:17 PM org.eclipse.lsp4j.jsonrpc.RemoteEndpoint handleCancellation
WARNING: Unmatched cancel notification for request id 12
something's wrong: no file:///f%3A/ucsc/2%20year/lecs/SCS2204%20FUNCTIONAL%20PROGEAMMING/Assignments/FunctionalProgramingAssignments/Assignment_Functions%20and%20Data/Q4.scala in List[<error>]RangePosition(file:///f%3A/ucsc/2%20year/lecs/SCS2204%20FUNCTIONAL%20PROGEAMMING/Assignments/FunctionalProgramingAssignments/Assignment_Functions%20and%20Data/Q4.scala, 342, 342, 356)
something's wrong: no file:///f%3A/ucsc/2%20year/lecs/SCS2204%20FUNCTIONAL%20PROGEAMMING/Assignments/FunctionalProgramingAssignments/Assignment_Functions%20and%20Data/Q4.scala in List[<error>]RangePosition(file:///f%3A/ucsc/2%20year/lecs/SCS2204%20FUNCTIONAL%20PROGEAMMING/Assignments/FunctionalProgramingAssignments/Assignment_Functions%20and%20Data/Q4.scala, 342, 342, 349)
something's wrong: no file:///f%3A/ucsc/2%20year/lecs/SCS2204%20FUNCTIONAL%20PROGEAMMING/Assignments/FunctionalProgramingAssignments/Assignment_Functions%20and%20Data/Q4.scala in List[<error>]RangePosition(file:///f%3A/ucsc/2%20year/lecs/SCS2204%20FUNCTIONAL%20PROGEAMMING/Assignments/FunctionalProgramingAssignments/Assignment_Functions%20and%20Data/Q4.scala, 342, 342, 350)
something's wrong: no file:///f%3A/ucsc/2%20year/lecs/SCS2204%20FUNCTIONAL%20PROGEAMMING/Assignments/FunctionalProgramingAssignments/Assignment_Functions%20and%20Data/Q4.scala in List[<error>]RangePosition(file:///f%3A/ucsc/2%20year/lecs/SCS2204%20FUNCTIONAL%20PROGEAMMING/Assignments/FunctionalProgramingAssignments/Assignment_Functions%20and%20Data/Q4.scala, 342, 342, 351)
something's wrong: no file:///f%3A/ucsc/2%20year/lecs/SCS2204%20FUNCTIONAL%20PROGEAMMING/Assignments/FunctionalProgramingAssignments/Assignment_Functions%20and%20Data/Q4.scala in List[<error>]RangePosition(file:///f%3A/ucsc/2%20year/lecs/SCS2204%20FUNCTIONAL%20PROGEAMMING/Assignments/FunctionalProgramingAssignments/Assignment_Functions%20and%20Data/Q4.scala, 342, 342, 352)
something's wrong: no file:///f%3A/ucsc/2%20year/lecs/SCS2204%20FUNCTIONAL%20PROGEAMMING/Assignments/FunctionalProgramingAssignments/Assignment_Functions%20and%20Data/Q4.scala in List[<error>]RangePosition(file:///f%3A/ucsc/2%20year/lecs/SCS2204%20FUNCTIONAL%20PROGEAMMING/Assignments/FunctionalProgramingAssignments/Assignment_Functions%20and%20Data/Q4.scala, 342, 342, 353)
something's wrong: no file:///f%3A/ucsc/2%20year/lecs/SCS2204%20FUNCTIONAL%20PROGEAMMING/Assignments/FunctionalProgramingAssignments/Assignment_Functions%20and%20Data/Q4.scala in List[<error>]RangePosition(file:///f%3A/ucsc/2%20year/lecs/SCS2204%20FUNCTIONAL%20PROGEAMMING/Assignments/FunctionalProgramingAssignments/Assignment_Functions%20and%20Data/Q4.scala, 342, 342, 354)
something's wrong: no file:///f%3A/ucsc/2%20year/lecs/SCS2204%20FUNCTIONAL%20PROGEAMMING/Assignments/FunctionalProgramingAssignments/Assignment_Functions%20and%20Data/Q4.scala in List[account]RangePosition(file:///f%3A/ucsc/2%20year/lecs/SCS2204%20FUNCTIONAL%20PROGEAMMING/Assignments/FunctionalProgramingAssignments/Assignment_Functions%20and%20Data/Q4.scala, 342, 342, 355)
something's wrong: no file:///f%3A/ucsc/2%20year/lecs/SCS2204%20FUNCTIONAL%20PROGEAMMING/Assignments/FunctionalProgramingAssignments/Assignment_Functions%20and%20Data/Q4.scala in List[account]RangePosition(file:///f%3A/ucsc/2%20year/lecs/SCS2204%20FUNCTIONAL%20PROGEAMMING/Assignments/FunctionalProgramingAssignments/Assignment_Functions%20and%20Data/Q4.scala, 342, 342, 355)
something's wrong: no file:///f%3A/ucsc/2%20year/lecs/SCS2204%20FUNCTIONAL%20PROGEAMMING/Assignments/FunctionalProgramingAssignments/Assignment_Functions%20and%20Data/Q4.scala in List[account]RangePosition(file:///f%3A/ucsc/2%20year/lecs/SCS2204%20FUNCTIONAL%20PROGEAMMING/Assignments/FunctionalProgramingAssignments/Assignment_Functions%20and%20Data/Q4.scala, 342, 342, 355)
something's wrong: no file:///f%3A/ucsc/2%20year/lecs/SCS2204%20FUNCTIONAL%20PROGEAMMING/Assignments/FunctionalProgramingAssignments/Assignment_Functions%20and%20Data/Q4.scala in List[account]RangePosition(file:///f%3A/ucsc/2%20year/lecs/SCS2204%20FUNCTIONAL%20PROGEAMMING/Assignments/FunctionalProgramingAssignments/Assignment_Functions%20and%20Data/Q4.scala, 380, 380, 393)
2020.07.28 14:20:17 WARN  no build target for: F:\ucsc\2 year\lecs\SCS2204 FUNCTIONAL PROGEAMMING\Assignments\FunctionalProgramingAssignments\Assignment_Functions and Data\Q4.scala
2020.07.28 14:20:46 WARN  no build tool detected in workspace 'F:\ucsc\2 year\lecs\SCS2204 FUNCTIONAL PROGEAMMING\Assignments\FunctionalProgramingAssignments\Assignment_Functions and Data'. The most common cause for this problem is that the editor was opened in the wrong working directory, for example if you use sbt then the workspace directory should contain build.sbt. 
2020.07.28 14:20:46 WARN  no build target for: F:\ucsc\2 year\lecs\SCS2204 FUNCTIONAL PROGEAMMING\Assignments\FunctionalProgramingAssignments\Assignment_Functions and Data\Q4.scala
2020.07.28 14:22:16 WARN  no build target for: F:\ucsc\2 year\lecs\SCS2204 FUNCTIONAL PROGEAMMING\Assignments\FunctionalProgramingAssignments\Assignment_Functions and Data\Q4.scala
2020.07.28 14:23:39 WARN  no build target for: F:\ucsc\2 year\lecs\SCS2204 FUNCTIONAL PROGEAMMING\Assignments\FunctionalProgramingAssignments\Assignment_Functions and Data\Q4.scala
2020.07.28 14:25:02 WARN  no build target for: F:\ucsc\2 year\lecs\SCS2204 FUNCTIONAL PROGEAMMING\Assignments\FunctionalProgramingAssignments\Assignment_Functions and Data\Q4.scala
2020.07.28 14:25:02 WARN  no build target for: F:\ucsc\2 year\lecs\SCS2204 FUNCTIONAL PROGEAMMING\Assignments\FunctionalProgramingAssignments\Assignment_Functions and Data\Q4.scala
2020.07.28 14:25:02 WARN  no build target for: F:\ucsc\2 year\lecs\SCS2204 FUNCTIONAL PROGEAMMING\Assignments\FunctionalProgramingAssignments\Assignment_Functions and Data\Q4.scala
2020.07.28 14:25:02 WARN  no build target for: F:\ucsc\2 year\lecs\SCS2204 FUNCTIONAL PROGEAMMING\Assignments\FunctionalProgramingAssignments\Assignment_Functions and Data\Q4.scala
2020.07.28 14:25:02 WARN  no build target for: F:\ucsc\2 year\lecs\SCS2204 FUNCTIONAL PROGEAMMING\Assignments\FunctionalProgramingAssignments\Assignment_Functions and Data\Q4.scala
2020.07.28 14:25:02 WARN  no build target for: F:\ucsc\2 year\lecs\SCS2204 FUNCTIONAL PROGEAMMING\Assignments\FunctionalProgramingAssignments\Assignment_Functions and Data\Q4.scala
2020.07.28 14:25:02 WARN  no build target for: F:\ucsc\2 year\lecs\SCS2204 FUNCTIONAL PROGEAMMING\Assignments\FunctionalProgramingAssignments\Assignment_Functions and Data\Q4.scala
2020.07.28 14:25:52 WARN  no build target for: F:\ucsc\2 year\lecs\SCS2204 FUNCTIONAL PROGEAMMING\Assignments\FunctionalProgramingAssignments\Assignment_Functions and Data\Q4.scala
2020.07.28 14:26:47 WARN  no build target for: F:\ucsc\2 year\lecs\SCS2204 FUNCTIONAL PROGEAMMING\Assignments\FunctionalProgramingAssignments\Assignment_Functions and Data\Q4.scala
2020.07.28 14:30:01 WARN  no build target for: F:\ucsc\2 year\lecs\SCS2204 FUNCTIONAL PROGEAMMING\Assignments\FunctionalProgramingAssignments\Assignment_Functions and Data\Q1.scala
something's wrong: no file:///f%3A/ucsc/2%20year/lecs/SCS2204%20FUNCTIONAL%20PROGEAMMING/Assignments/FunctionalProgramingAssignments/Assignment_Functions%20and%20Data/Q4.scala in List[account]RangePosition(file:///f%3A/ucsc/2%20year/lecs/SCS2204%20FUNCTIONAL%20PROGEAMMING/Assignments/FunctionalProgramingAssignments/Assignment_Functions%20and%20Data/Q4.scala, 286, 286, 299)
2020.07.28 14:31:00 WARN  no build target for: F:\ucsc\2 year\lecs\SCS2204 FUNCTIONAL PROGEAMMING\Assignments\FunctionalProgramingAssignments\Assignment_Functions and Data\Q4.scala
something's wrong: no file:///f%3A/ucsc/2%20year/lecs/SCS2204%20FUNCTIONAL%20PROGEAMMING/Assignments/FunctionalProgramingAssignments/Assignment_Functions%20and%20Data/Q4.scala in List[<error>]RangePosition(file:///f%3A/ucsc/2%20year/lecs/SCS2204%20FUNCTIONAL%20PROGEAMMING/Assignments/FunctionalProgramingAssignments/Assignment_Functions%20and%20Data/Q4.scala, 364, 364, 378)
something's wrong: no file:///f%3A/ucsc/2%20year/lecs/SCS2204%20FUNCTIONAL%20PROGEAMMING/Assignments/FunctionalProgramingAssignments/Assignment_Functions%20and%20Data/Q4.scala in List[<error>]RangePosition(file:///f%3A/ucsc/2%20year/lecs/SCS2204%20FUNCTIONAL%20PROGEAMMING/Assignments/FunctionalProgramingAssignments/Assignment_Functions%20and%20Data/Q4.scala, 364, 364, 371)
something's wrong: no file:///f%3A/ucsc/2%20year/lecs/SCS2204%20FUNCTIONAL%20PROGEAMMING/Assignments/FunctionalProgramingAssignments/Assignment_Functions%20and%20Data/Q4.scala in List[<error>]RangePosition(file:///f%3A/ucsc/2%20year/lecs/SCS2204%20FUNCTIONAL%20PROGEAMMING/Assignments/FunctionalProgramingAssignments/Assignment_Functions%20and%20Data/Q4.scala, 364, 364, 372)
something's wrong: no file:///f%3A/ucsc/2%20year/lecs/SCS2204%20FUNCTIONAL%20PROGEAMMING/Assignments/FunctionalProgramingAssignments/Assignment_Functions%20and%20Data/Q4.scala in List[<error>]RangePosition(file:///f%3A/ucsc/2%20year/lecs/SCS2204%20FUNCTIONAL%20PROGEAMMING/Assignments/FunctionalProgramingAssignments/Assignment_Functions%20and%20Data/Q4.scala, 364, 364, 373)
something's wrong: no file:///f%3A/ucsc/2%20year/lecs/SCS2204%20FUNCTIONAL%20PROGEAMMING/Assignments/FunctionalProgramingAssignments/Assignment_Functions%20and%20Data/Q4.scala in List[<error>]RangePosition(file:///f%3A/ucsc/2%20year/lecs/SCS2204%20FUNCTIONAL%20PROGEAMMING/Assignments/FunctionalProgramingAssignments/Assignment_Functions%20and%20Data/Q4.scala, 364, 364, 374)
something's wrong: no file:///f%3A/ucsc/2%20year/lecs/SCS2204%20FUNCTIONAL%20PROGEAMMING/Assignments/FunctionalProgramingAssignments/Assignment_Functions%20and%20Data/Q4.scala in List[<error>]RangePosition(file:///f%3A/ucsc/2%20year/lecs/SCS2204%20FUNCTIONAL%20PROGEAMMING/Assignments/FunctionalProgramingAssignments/Assignment_Functions%20and%20Data/Q4.scala, 364, 364, 375)
something's wrong: no file:///f%3A/ucsc/2%20year/lecs/SCS2204%20FUNCTIONAL%20PROGEAMMING/Assignments/FunctionalProgramingAssignments/Assignment_Functions%20and%20Data/Q4.scala in List[<error>]RangePosition(file:///f%3A/ucsc/2%20year/lecs/SCS2204%20FUNCTIONAL%20PROGEAMMING/Assignments/FunctionalProgramingAssignments/Assignment_Functions%20and%20Data/Q4.scala, 364, 364, 376)
something's wrong: no file:///f%3A/ucsc/2%20year/lecs/SCS2204%20FUNCTIONAL%20PROGEAMMING/Assignments/FunctionalProgramingAssignments/Assignment_Functions%20and%20Data/Q4.scala in List[<error>]RangePosition(file:///f%3A/ucsc/2%20year/lecs/SCS2204%20FUNCTIONAL%20PROGEAMMING/Assignments/FunctionalProgramingAssignments/Assignment_Functions%20and%20Data/Q4.scala, 364, 364, 377)
something's wrong: no file:///f%3A/ucsc/2%20year/lecs/SCS2204%20FUNCTIONAL%20PROGEAMMING/Assignments/FunctionalProgramingAssignments/Assignment_Functions%20and%20Data/Q4.scala in List[<error>]RangePosition(file:///f%3A/ucsc/2%20year/lecs/SCS2204%20FUNCTIONAL%20PROGEAMMING/Assignments/FunctionalProgramingAssignments/Assignment_Functions%20and%20Data/Q4.scala, 364, 364, 377)
something's wrong: no file:///f%3A/ucsc/2%20year/lecs/SCS2204%20FUNCTIONAL%20PROGEAMMING/Assignments/FunctionalProgramingAssignments/Assignment_Functions%20and%20Data/Q4.scala in List[<error>]RangePosition(file:///f%3A/ucsc/2%20year/lecs/SCS2204%20FUNCTIONAL%20PROGEAMMING/Assignments/FunctionalProgramingAssignments/Assignment_Functions%20and%20Data/Q4.scala, 364, 364, 377)
something's wrong: no file:///f%3A/ucsc/2%20year/lecs/SCS2204%20FUNCTIONAL%20PROGEAMMING/Assignments/FunctionalProgramingAssignments/Assignment_Functions%20and%20Data/Q4.scala in List[<error>]RangePosition(file:///f%3A/ucsc/2%20year/lecs/SCS2204%20FUNCTIONAL%20PROGEAMMING/Assignments/FunctionalProgramingAssignments/Assignment_Functions%20and%20Data/Q4.scala, 380, 380, 394)
something's wrong: no file:///f%3A/ucsc/2%20year/lecs/SCS2204%20FUNCTIONAL%20PROGEAMMING/Assignments/FunctionalProgramingAssignments/Assignment_Functions%20and%20Data/Q4.scala in List[<error>]RangePosition(file:///f%3A/ucsc/2%20year/lecs/SCS2204%20FUNCTIONAL%20PROGEAMMING/Assignments/FunctionalProgramingAssignments/Assignment_Functions%20and%20Data/Q4.scala, 380, 380, 387)
something's wrong: no file:///f%3A/ucsc/2%20year/lecs/SCS2204%20FUNCTIONAL%20PROGEAMMING/Assignments/FunctionalProgramingAssignments/Assignment_Functions%20and%20Data/Q4.scala in List[<error>]RangePosition(file:///f%3A/ucsc/2%20year/lecs/SCS2204%20FUNCTIONAL%20PROGEAMMING/Assignments/FunctionalProgramingAssignments/Assignment_Functions%20and%20Data/Q4.scala, 380, 380, 388)
something's wrong: no file:///f%3A/ucsc/2%20year/lecs/SCS2204%20FUNCTIONAL%20PROGEAMMING/Assignments/FunctionalProgramingAssignments/Assignment_Functions%20and%20Data/Q4.scala in List[<error>]RangePosition(file:///f%3A/ucsc/2%20year/lecs/SCS2204%20FUNCTIONAL%20PROGEAMMING/Assignments/FunctionalProgramingAssignments/Assignment_Functions%20and%20Data/Q4.scala, 380, 380, 389)
something's wrong: no file:///f%3A/ucsc/2%20year/lecs/SCS2204%20FUNCTIONAL%20PROGEAMMING/Assignments/FunctionalProgramingAssignments/Assignment_Functions%20and%20Data/Q4.scala in List[<error>]RangePosition(file:///f%3A/ucsc/2%20year/lecs/SCS2204%20FUNCTIONAL%20PROGEAMMING/Assignments/FunctionalProgramingAssignments/Assignment_Functions%20and%20Data/Q4.scala, 380, 380, 390)
something's wrong: no file:///f%3A/ucsc/2%20year/lecs/SCS2204%20FUNCTIONAL%20PROGEAMMING/Assignments/FunctionalProgramingAssignments/Assignment_Functions%20and%20Data/Q4.scala in List[<error>]RangePosition(file:///f%3A/ucsc/2%20year/lecs/SCS2204%20FUNCTIONAL%20PROGEAMMING/Assignments/FunctionalProgramingAssignments/Assignment_Functions%20and%20Data/Q4.scala, 380, 380, 391)
something's wrong: no file:///f%3A/ucsc/2%20year/lecs/SCS2204%20FUNCTIONAL%20PROGEAMMING/Assignments/FunctionalProgramingAssignments/Assignment_Functions%20and%20Data/Q4.scala in List[<error>]RangePosition(file:///f%3A/ucsc/2%20year/lecs/SCS2204%20FUNCTIONAL%20PROGEAMMING/Assignments/FunctionalProgramingAssignments/Assignment_Functions%20and%20Data/Q4.scala, 380, 380, 392)
something's wrong: no file:///f%3A/ucsc/2%20year/lecs/SCS2204%20FUNCTIONAL%20PROGEAMMING/Assignments/FunctionalProgramingAssignments/Assignment_Functions%20and%20Data/Q4.scala in List[<error>]RangePosition(file:///f%3A/ucsc/2%20year/lecs/SCS2204%20FUNCTIONAL%20PROGEAMMING/Assignments/FunctionalProgramingAssignments/Assignment_Functions%20and%20Data/Q4.scala, 380, 380, 391)
something's wrong: no file:///f%3A/ucsc/2%20year/lecs/SCS2204%20FUNCTIONAL%20PROGEAMMING/Assignments/FunctionalProgramingAssignments/Assignment_Functions%20and%20Data/Q4.scala in List[<error>]RangePosition(file:///f%3A/ucsc/2%20year/lecs/SCS2204%20FUNCTIONAL%20PROGEAMMING/Assignments/FunctionalProgramingAssignments/Assignment_Functions%20and%20Data/Q4.scala, 380, 380, 392)
something's wrong: no file:///f%3A/ucsc/2%20year/lecs/SCS2204%20FUNCTIONAL%20PROGEAMMING/Assignments/FunctionalProgramingAssignments/Assignment_Functions%20and%20Data/Q4.scala in List[account]RangePosition(file:///f%3A/ucsc/2%20year/lecs/SCS2204%20FUNCTIONAL%20PROGEAMMING/Assignments/FunctionalProgramingAssignments/Assignment_Functions%20and%20Data/Q4.scala, 380, 380, 393)
something's wrong: no file:///f%3A/ucsc/2%20year/lecs/SCS2204%20FUNCTIONAL%20PROGEAMMING/Assignments/FunctionalProgramingAssignments/Assignment_Functions%20and%20Data/Q4.scala in List[account]RangePosition(file:///f%3A/ucsc/2%20year/lecs/SCS2204%20FUNCTIONAL%20PROGEAMMING/Assignments/FunctionalProgramingAssignments/Assignment_Functions%20and%20Data/Q4.scala, 380, 380, 393)
2020.07.28 15:02:26 WARN  no build target for: F:\ucsc\2 year\lecs\SCS2204 FUNCTIONAL PROGEAMMING\Assignments\FunctionalProgramingAssignments\Assignment_Functions and Data\Q4.scala
2020.07.28 15:02:26 WARN  no build target for: F:\ucsc\2 year\lecs\SCS2204 FUNCTIONAL PROGEAMMING\Assignments\FunctionalProgramingAssignments\Assignment_Functions and Data\Q4.scala
2020.07.28 15:03:25 WARN  no build target for: F:\ucsc\2 year\lecs\SCS2204 FUNCTIONAL PROGEAMMING\Assignments\FunctionalProgramingAssignments\Assignment_Functions and Data\Q2.scala
2020.07.28 15:04:04 WARN  no build target for: F:\ucsc\2 year\lecs\SCS2204 FUNCTIONAL PROGEAMMING\Assignments\FunctionalProgramingAssignments\Assignment_Functions and Data\Q4.scala
2020.07.28 15:05:35 WARN  no build tool detected in workspace 'F:\ucsc\2 year\lecs\SCS2204 FUNCTIONAL PROGEAMMING\Assignments\FunctionalProgramingAssignments\Assignment_Functions and Data'. The most common cause for this problem is that the editor was opened in the wrong working directory, for example if you use sbt then the workspace directory should contain build.sbt. 
2020.07.28 15:05:35 WARN  no build tool detected in workspace 'F:\ucsc\2 year\lecs\SCS2204 FUNCTIONAL PROGEAMMING\Assignments\FunctionalProgramingAssignments\Assignment_Functions and Data'. The most common cause for this problem is that the editor was opened in the wrong working directory, for example if you use sbt then the workspace directory should contain build.sbt. 
2020.07.28 15:05:35 WARN  no build target for: F:\ucsc\2 year\lecs\SCS2204 FUNCTIONAL PROGEAMMING\Assignments\FunctionalProgramingAssignments\Assignment_Functions and Data\Q4.scala
2020.07.28 15:05:35 WARN  no build tool detected in workspace 'F:\ucsc\2 year\lecs\SCS2204 FUNCTIONAL PROGEAMMING\Assignments\FunctionalProgramingAssignments\Assignment_Functions and Data'. The most common cause for this problem is that the editor was opened in the wrong working directory, for example if you use sbt then the workspace directory should contain build.sbt. 
something's wrong: no file:///f%3A/ucsc/2%20year/lecs/SCS2204%20FUNCTIONAL%20PROGEAMMING/Assignments/FunctionalProgramingAssignments/Assignment_Functions%20and%20Data/Q4.scala in List[account]RangePosition(file:///f%3A/ucsc/2%20year/lecs/SCS2204%20FUNCTIONAL%20PROGEAMMING/Assignments/FunctionalProgramingAssignments/Assignment_Functions%20and%20Data/Q4.scala, 367, 367, 380)
2020.07.28 15:06:58 WARN  no build tool detected in workspace 'F:\ucsc\2 year\lecs\SCS2204 FUNCTIONAL PROGEAMMING\Assignments\FunctionalProgramingAssignments\Assignment_Functions and Data'. The most common cause for this problem is that the editor was opened in the wrong working directory, for example if you use sbt then the workspace directory should contain build.sbt. 
2020.07.28 15:06:59 WARN  no build target for: F:\ucsc\2 year\lecs\SCS2204 FUNCTIONAL PROGEAMMING\Assignments\FunctionalProgramingAssignments\Assignment_Functions and Data\Q4.scala
2020.07.28 15:07:39 WARN  no build target for: F:\ucsc\2 year\lecs\SCS2204 FUNCTIONAL PROGEAMMING\Assignments\FunctionalProgramingAssignments\Assignment_Functions and Data\Q4.scala
Jul 28, 2020 3:08:19 PM org.eclipse.lsp4j.jsonrpc.RemoteEndpoint handleCancellation
WARNING: Unmatched cancel notification for request id 1590
2020.07.28 15:08:31 WARN  no build target for: F:\ucsc\2 year\lecs\SCS2204 FUNCTIONAL PROGEAMMING\Assignments\FunctionalProgramingAssignments\Assignment_Functions and Data\Q4.scala
2020.07.28 15:09:23 WARN  no build target for: F:\ucsc\2 year\lecs\SCS2204 FUNCTIONAL PROGEAMMING\Assignments\FunctionalProgramingAssignments\Assignment_Functions and Data\Q4.scala
2020.07.28 15:11:04 WARN  no build target for: F:\ucsc\2 year\lecs\SCS2204 FUNCTIONAL PROGEAMMING\Assignments\FunctionalProgramingAssignments\Assignment_Functions and Data\Q4.scala
2020.07.28 15:12:09 WARN  no build target for: F:\ucsc\2 year\lecs\SCS2204 FUNCTIONAL PROGEAMMING\Assignments\FunctionalProgramingAssignments\Assignment_Functions and Data\Q4.scala
2020.07.28 15:12:28 WARN  no build target for: F:\ucsc\2 year\lecs\SCS2204 FUNCTIONAL PROGEAMMING\Assignments\FunctionalProgramingAssignments\Assignment_Functions and Data\Q4.scala
2020.07.28 15:13:54 WARN  no build target for: F:\ucsc\2 year\lecs\SCS2204 FUNCTIONAL PROGEAMMING\Assignments\FunctionalProgramingAssignments\Assignment_Functions and Data\Q4.scala
2020.07.28 15:15:52 WARN  no build target for: F:\ucsc\2 year\lecs\SCS2204 FUNCTIONAL PROGEAMMING\Assignments\FunctionalProgramingAssignments\Assignment_Functions and Data\Q3.scala
2020.07.28 15:16:02 WARN  no build tool detected in workspace 'F:\ucsc\2 year\lecs\SCS2204 FUNCTIONAL PROGEAMMING\Assignments\FunctionalProgramingAssignments\Assignment_Functions and Data'. The most common cause for this problem is that the editor was opened in the wrong working directory, for example if you use sbt then the workspace directory should contain build.sbt. 
2020.07.28 15:16:02 WARN  no build target for: F:\ucsc\2 year\lecs\SCS2204 FUNCTIONAL PROGEAMMING\Assignments\FunctionalProgramingAssignments\Assignment_Functions and Data\Q4.scala
2020.07.28 15:16:02 WARN  no build target for: F:\ucsc\2 year\lecs\SCS2204 FUNCTIONAL PROGEAMMING\Assignments\FunctionalProgramingAssignments\Assignment_Functions and Data\Q4.scala
2020.07.28 15:23:50 WARN  no build target for: F:\ucsc\2 year\lecs\SCS2204 FUNCTIONAL PROGEAMMING\Assignments\FunctionalProgramingAssignments\Assignment_Functions and Data\Q4.scala
2020.07.28 17:25:11 WARN  no build tool detected in workspace 'F:\ucsc\2 year\lecs\SCS2204 FUNCTIONAL PROGEAMMING\Assignments\FunctionalProgramingAssignments\Assignment_Functions and Data'. The most common cause for this problem is that the editor was opened in the wrong working directory, for example if you use sbt then the workspace directory should contain build.sbt. 
2020.07.28 17:25:11 WARN  no build target for: F:\ucsc\2 year\lecs\SCS2204 FUNCTIONAL PROGEAMMING\Assignments\FunctionalProgramingAssignments\Assignment_Functions and Data\Q4.scala
2020.07.28 17:25:12 WARN  no build target for: F:\ucsc\2 year\lecs\SCS2204 FUNCTIONAL PROGEAMMING\Assignments\FunctionalProgramingAssignments\Assignment_Functions and Data\Q4.scala
2020.07.28 17:25:12 WARN  no build tool detected in workspace 'F:\ucsc\2 year\lecs\SCS2204 FUNCTIONAL PROGEAMMING\Assignments\FunctionalProgramingAssignments\Assignment_Functions and Data'. The most common cause for this problem is that the editor was opened in the wrong working directory, for example if you use sbt then the workspace directory should contain build.sbt. 
Jul 28, 2020 5:27:02 PM org.eclipse.lsp4j.jsonrpc.RemoteEndpoint handleCancellation
WARNING: Unmatched cancel notification for request id 2273
2020.07.28 17:28:14 WARN  no build target for: F:\ucsc\2 year\lecs\SCS2204 FUNCTIONAL PROGEAMMING\Assignments\FunctionalProgramingAssignments\Assignment_Functions and Data\Q4.scala
2020.07.28 17:29:23 WARN  no build target for: F:\ucsc\2 year\lecs\SCS2204 FUNCTIONAL PROGEAMMING\Assignments\FunctionalProgramingAssignments\Assignment_Functions and Data\Q4.scala
2020.07.28 17:30:01 WARN  no build target for: F:\ucsc\2 year\lecs\SCS2204 FUNCTIONAL PROGEAMMING\Assignments\FunctionalProgramingAssignments\Assignment_Functions and Data\Q4.scala
2020.07.28 17:30:30 WARN  no build tool detected in workspace 'F:\ucsc\2 year\lecs\SCS2204 FUNCTIONAL PROGEAMMING\Assignments\FunctionalProgramingAssignments\Assignment_Functions and Data'. The most common cause for this problem is that the editor was opened in the wrong working directory, for example if you use sbt then the workspace directory should contain build.sbt. 
2020.07.28 17:30:30 WARN  no build target for: F:\ucsc\2 year\lecs\SCS2204 FUNCTIONAL PROGEAMMING\Assignments\FunctionalProgramingAssignments\Assignment_Functions and Data\Q4.scala
2020.07.28 17:30:51 WARN  no build target for: F:\ucsc\2 year\lecs\SCS2204 FUNCTIONAL PROGEAMMING\Assignments\FunctionalProgramingAssignments\Assignment_Functions and Data\Q4.scala
2020.07.28 17:31:21 WARN  no build tool detected in workspace 'F:\ucsc\2 year\lecs\SCS2204 FUNCTIONAL PROGEAMMING\Assignments\FunctionalProgramingAssignments\Assignment_Functions and Data'. The most common cause for this problem is that the editor was opened in the wrong working directory, for example if you use sbt then the workspace directory should contain build.sbt. 
2020.07.28 17:31:21 WARN  no build target for: F:\ucsc\2 year\lecs\SCS2204 FUNCTIONAL PROGEAMMING\Assignments\FunctionalProgramingAssignments\Assignment_Functions and Data\Q4.scala
2020.07.28 17:31:43 WARN  no build target for: F:\ucsc\2 year\lecs\SCS2204 FUNCTIONAL PROGEAMMING\Assignments\FunctionalProgramingAssignments\Assignment_Functions and Data\Q4.scala
something's wrong: no file:///f%3A/ucsc/2%20year/lecs/SCS2204%20FUNCTIONAL%20PROGEAMMING/Assignments/FunctionalProgramingAssignments/Assignment_Functions%20and%20Data/Q4.scala in List[account]RangePosition(file:///f%3A/ucsc/2%20year/lecs/SCS2204%20FUNCTIONAL%20PROGEAMMING/Assignments/FunctionalProgramingAssignments/Assignment_Functions%20and%20Data/Q4.scala, 446, 446, 459)
2020.07.28 17:34:27 WARN  no build target for: F:\ucsc\2 year\lecs\SCS2204 FUNCTIONAL PROGEAMMING\Assignments\FunctionalProgramingAssignments\Assignment_Functions and Data\Q4.scala
2020.07.28 17:34:56 WARN  no build target for: F:\ucsc\2 year\lecs\SCS2204 FUNCTIONAL PROGEAMMING\Assignments\FunctionalProgramingAssignments\Assignment_Functions and Data\Q4.scala
2020.07.28 17:43:40 INFO  shutting down Metals
2020.07.29 11:20:50 INFO  started: Metals version 0.9.2 in workspace 'F:\ucsc\2 year\lecs\SCS2204 FUNCTIONAL PROGEAMMING\Assignments\FunctionalProgramingAssignments\Assignment_Functions and Data' for client vscode.
2020.07.29 11:20:52 INFO  time: initialize in 2.09s
2020.07.29 11:20:54 WARN  no build tool detected in workspace 'F:\ucsc\2 year\lecs\SCS2204 FUNCTIONAL PROGEAMMING\Assignments\FunctionalProgramingAssignments\Assignment_Functions and Data'. The most common cause for this problem is that the editor was opened in the wrong working directory, for example if you use sbt then the workspace directory should contain build.sbt. 
2020.07.29 11:20:54 INFO  no build target: using presentation compiler with only scala-library
2020.07.29 11:20:57 WARN  no build target for: F:\ucsc\2 year\lecs\SCS2204 FUNCTIONAL PROGEAMMING\Assignments\FunctionalProgramingAssignments\Assignment_Functions and Data\Q4.scala
2020.07.29 11:20:57 WARN  no build target for: F:\ucsc\2 year\lecs\SCS2204 FUNCTIONAL PROGEAMMING\Assignments\FunctionalProgramingAssignments\Assignment_Functions and Data\Q3.scala
2020.07.29 11:20:57 WARN  no build target for: F:\ucsc\2 year\lecs\SCS2204 FUNCTIONAL PROGEAMMING\Assignments\FunctionalProgramingAssignments\Assignment_Functions and Data\Q4.scala
something's wrong: no file:///f%3A/ucsc/2%20year/lecs/SCS2204%20FUNCTIONAL%20PROGEAMMING/Assignments/FunctionalProgramingAssignments/Assignment_Functions%20and%20Data/Q4.scala in List[account]RangePosition(file:///f%3A/ucsc/2%20year/lecs/SCS2204%20FUNCTIONAL%20PROGEAMMING/Assignments/FunctionalProgramingAssignments/Assignment_Functions%20and%20Data/Q4.scala, 162, 162, 175)
2020.07.29 11:23:19 WARN  no build target for: F:\ucsc\2 year\lecs\SCS2204 FUNCTIONAL PROGEAMMING\Assignments\FunctionalProgramingAssignments\Assignment_Functions and Data\Q4.scala
2020.07.29 11:24:38 WARN  no build target for: F:\ucsc\2 year\lecs\SCS2204 FUNCTIONAL PROGEAMMING\Assignments\FunctionalProgramingAssignments\Assignment_Functions and Data\Q4.scala
2020.07.29 11:25:18 WARN  no build target for: F:\ucsc\2 year\lecs\SCS2204 FUNCTIONAL PROGEAMMING\Assignments\FunctionalProgramingAssignments\Assignment_Functions and Data\Q4.scala
2020.07.29 11:30:20 WARN  no build target for: F:\ucsc\2 year\lecs\SCS2204 FUNCTIONAL PROGEAMMING\Assignments\FunctionalProgramingAssignments\Assignment_Functions and Data\Q4.scala
2020.07.29 11:31:28 WARN  no build target for: F:\ucsc\2 year\lecs\SCS2204 FUNCTIONAL PROGEAMMING\Assignments\FunctionalProgramingAssignments\Assignment_Functions and Data\Q4.scala
something's wrong: no file:///f%3A/ucsc/2%20year/lecs/SCS2204%20FUNCTIONAL%20PROGEAMMING/Assignments/FunctionalProgramingAssignments/Assignment_Functions%20and%20Data/Q4.scala in List[account]RangePosition(file:///f%3A/ucsc/2%20year/lecs/SCS2204%20FUNCTIONAL%20PROGEAMMING/Assignments/FunctionalProgramingAssignments/Assignment_Functions%20and%20Data/Q4.scala, 162, 162, 175)
2020.07.29 11:32:12 WARN  no build tool detected in workspace 'F:\ucsc\2 year\lecs\SCS2204 FUNCTIONAL PROGEAMMING\Assignments\FunctionalProgramingAssignments\Assignment_Functions and Data'. The most common cause for this problem is that the editor was opened in the wrong working directory, for example if you use sbt then the workspace directory should contain build.sbt. 
2020.07.29 11:32:12 WARN  no build tool detected in workspace 'F:\ucsc\2 year\lecs\SCS2204 FUNCTIONAL PROGEAMMING\Assignments\FunctionalProgramingAssignments\Assignment_Functions and Data'. The most common cause for this problem is that the editor was opened in the wrong working directory, for example if you use sbt then the workspace directory should contain build.sbt. 
2020.07.29 11:32:39 WARN  no build target for: F:\ucsc\2 year\lecs\SCS2204 FUNCTIONAL PROGEAMMING\Assignments\FunctionalProgramingAssignments\Assignment_Functions and Data\Q4.scala
2020.07.29 11:32:39 WARN  no build tool detected in workspace 'F:\ucsc\2 year\lecs\SCS2204 FUNCTIONAL PROGEAMMING\Assignments\FunctionalProgramingAssignments\Assignment_Functions and Data'. The most common cause for this problem is that the editor was opened in the wrong working directory, for example if you use sbt then the workspace directory should contain build.sbt. 
2020.07.29 11:32:42 WARN  no build target for: F:\ucsc\2 year\lecs\SCS2204 FUNCTIONAL PROGEAMMING\Assignments\FunctionalProgramingAssignments\Assignment_Functions and Data\Q4.scala
2020.07.29 11:33:29 WARN  no build target for: F:\ucsc\2 year\lecs\SCS2204 FUNCTIONAL PROGEAMMING\Assignments\FunctionalProgramingAssignments\Assignment_Functions and Data\Q4.scala
something's wrong: no file:///f%3A/ucsc/2%20year/lecs/SCS2204%20FUNCTIONAL%20PROGEAMMING/Assignments/FunctionalProgramingAssignments/Assignment_Functions%20and%20Data/Q4.scala in List[account]RangePosition(file:///f%3A/ucsc/2%20year/lecs/SCS2204%20FUNCTIONAL%20PROGEAMMING/Assignments/FunctionalProgramingAssignments/Assignment_Functions%20and%20Data/Q4.scala, 370, 370, 383)
2020.07.29 11:38:38 WARN  no build tool detected in workspace 'F:\ucsc\2 year\lecs\SCS2204 FUNCTIONAL PROGEAMMING\Assignments\FunctionalProgramingAssignments\Assignment_Functions and Data'. The most common cause for this problem is that the editor was opened in the wrong working directory, for example if you use sbt then the workspace directory should contain build.sbt. 
2020.07.29 11:42:39 WARN  no build target for: F:\ucsc\2 year\lecs\SCS2204 FUNCTIONAL PROGEAMMING\Assignments\FunctionalProgramingAssignments\Assignment_Functions and Data\Q4.scala
2020.07.29 11:43:14 WARN  no build target for: F:\ucsc\2 year\lecs\SCS2204 FUNCTIONAL PROGEAMMING\Assignments\FunctionalProgramingAssignments\Assignment_Functions and Data\Q4.scala
2020.07.29 11:43:31 WARN  no build target for: F:\ucsc\2 year\lecs\SCS2204 FUNCTIONAL PROGEAMMING\Assignments\FunctionalProgramingAssignments\Assignment_Functions and Data\Q4.scala
2020.07.29 11:48:38 WARN  no build tool detected in workspace 'F:\ucsc\2 year\lecs\SCS2204 FUNCTIONAL PROGEAMMING\Assignments\FunctionalProgramingAssignments\Assignment_Functions and Data'. The most common cause for this problem is that the editor was opened in the wrong working directory, for example if you use sbt then the workspace directory should contain build.sbt. 
2020.07.29 11:49:15 WARN  no build target for: F:\ucsc\2 year\lecs\SCS2204 FUNCTIONAL PROGEAMMING\Assignments\FunctionalProgramingAssignments\Assignment_Functions and Data\Q4.scala
2020.07.29 11:53:19 WARN  no build target for: F:\ucsc\2 year\lecs\SCS2204 FUNCTIONAL PROGEAMMING\Assignments\FunctionalProgramingAssignments\Assignment_Functions and Data\Q4.scala
2020.07.29 11:54:06 WARN  no build target for: F:\ucsc\2 year\lecs\SCS2204 FUNCTIONAL PROGEAMMING\Assignments\FunctionalProgramingAssignments\Assignment_Functions and Data\Q4.scala
2020.07.29 11:55:34 WARN  no build target for: F:\ucsc\2 year\lecs\SCS2204 FUNCTIONAL PROGEAMMING\Assignments\FunctionalProgramingAssignments\Assignment_Functions and Data\Q4.scala
2020.07.29 11:59:12 WARN  no build tool detected in workspace 'F:\ucsc\2 year\lecs\SCS2204 FUNCTIONAL PROGEAMMING\Assignments\FunctionalProgramingAssignments\Assignment_Functions and Data'. The most common cause for this problem is that the editor was opened in the wrong working directory, for example if you use sbt then the workspace directory should contain build.sbt. 
2020.07.29 11:59:12 WARN  no build tool detected in workspace 'F:\ucsc\2 year\lecs\SCS2204 FUNCTIONAL PROGEAMMING\Assignments\FunctionalProgramingAssignments\Assignment_Functions and Data'. The most common cause for this problem is that the editor was opened in the wrong working directory, for example if you use sbt then the workspace directory should contain build.sbt. 
2020.07.29 11:59:12 WARN  no build target for: F:\ucsc\2 year\lecs\SCS2204 FUNCTIONAL PROGEAMMING\Assignments\FunctionalProgramingAssignments\Assignment_Functions and Data\Q4.scala
2020.07.29 11:59:27 WARN  no build target for: F:\ucsc\2 year\lecs\SCS2204 FUNCTIONAL PROGEAMMING\Assignments\FunctionalProgramingAssignments\Assignment_Functions and Data\Q4.scala
2020.07.29 12:00:16 WARN  no build tool detected in workspace 'F:\ucsc\2 year\lecs\SCS2204 FUNCTIONAL PROGEAMMING\Assignments\FunctionalProgramingAssignments\Assignment_Functions and Data'. The most common cause for this problem is that the editor was opened in the wrong working directory, for example if you use sbt then the workspace directory should contain build.sbt. 
2020.07.29 12:00:18 WARN  no build tool detected in workspace 'F:\ucsc\2 year\lecs\SCS2204 FUNCTIONAL PROGEAMMING\Assignments\FunctionalProgramingAssignments\Assignment_Functions and Data'. The most common cause for this problem is that the editor was opened in the wrong working directory, for example if you use sbt then the workspace directory should contain build.sbt. 
2020.07.29 12:00:18 WARN  no build target for: F:\ucsc\2 year\lecs\SCS2204 FUNCTIONAL PROGEAMMING\Assignments\FunctionalProgramingAssignments\Assignment_Functions and Data\Q4.scala
2020.07.29 12:02:23 WARN  no build target for: F:\ucsc\2 year\lecs\SCS2204 FUNCTIONAL PROGEAMMING\Assignments\FunctionalProgramingAssignments\Assignment_Functions and Data\Q4.scala
something's wrong: no file:///f%3A/ucsc/2%20year/lecs/SCS2204%20FUNCTIONAL%20PROGEAMMING/Assignments/FunctionalProgramingAssignments/Assignment_Functions%20and%20Data/Q4.scala in List[<error>]RangePosition(file:///f%3A/ucsc/2%20year/lecs/SCS2204%20FUNCTIONAL%20PROGEAMMING/Assignments/FunctionalProgramingAssignments/Assignment_Functions%20and%20Data/Q4.scala, 464, 464, 478)
something's wrong: no file:///f%3A/ucsc/2%20year/lecs/SCS2204%20FUNCTIONAL%20PROGEAMMING/Assignments/FunctionalProgramingAssignments/Assignment_Functions%20and%20Data/Q4.scala in List[<error>]RangePosition(file:///f%3A/ucsc/2%20year/lecs/SCS2204%20FUNCTIONAL%20PROGEAMMING/Assignments/FunctionalProgramingAssignments/Assignment_Functions%20and%20Data/Q4.scala, 464, 464, 471)
something's wrong: no file:///f%3A/ucsc/2%20year/lecs/SCS2204%20FUNCTIONAL%20PROGEAMMING/Assignments/FunctionalProgramingAssignments/Assignment_Functions%20and%20Data/Q4.scala in List[<error>]RangePosition(file:///f%3A/ucsc/2%20year/lecs/SCS2204%20FUNCTIONAL%20PROGEAMMING/Assignments/FunctionalProgramingAssignments/Assignment_Functions%20and%20Data/Q4.scala, 464, 464, 472)
something's wrong: no file:///f%3A/ucsc/2%20year/lecs/SCS2204%20FUNCTIONAL%20PROGEAMMING/Assignments/FunctionalProgramingAssignments/Assignment_Functions%20and%20Data/Q4.scala in List[<error>]RangePosition(file:///f%3A/ucsc/2%20year/lecs/SCS2204%20FUNCTIONAL%20PROGEAMMING/Assignments/FunctionalProgramingAssignments/Assignment_Functions%20and%20Data/Q4.scala, 464, 464, 473)
something's wrong: no file:///f%3A/ucsc/2%20year/lecs/SCS2204%20FUNCTIONAL%20PROGEAMMING/Assignments/FunctionalProgramingAssignments/Assignment_Functions%20and%20Data/Q4.scala in List[<error>]RangePosition(file:///f%3A/ucsc/2%20year/lecs/SCS2204%20FUNCTIONAL%20PROGEAMMING/Assignments/FunctionalProgramingAssignments/Assignment_Functions%20and%20Data/Q4.scala, 464, 464, 474)
something's wrong: no file:///f%3A/ucsc/2%20year/lecs/SCS2204%20FUNCTIONAL%20PROGEAMMING/Assignments/FunctionalProgramingAssignments/Assignment_Functions%20and%20Data/Q4.scala in List[<error>]RangePosition(file:///f%3A/ucsc/2%20year/lecs/SCS2204%20FUNCTIONAL%20PROGEAMMING/Assignments/FunctionalProgramingAssignments/Assignment_Functions%20and%20Data/Q4.scala, 464, 464, 475)
something's wrong: no file:///f%3A/ucsc/2%20year/lecs/SCS2204%20FUNCTIONAL%20PROGEAMMING/Assignments/FunctionalProgramingAssignments/Assignment_Functions%20and%20Data/Q4.scala in List[<error>]RangePosition(file:///f%3A/ucsc/2%20year/lecs/SCS2204%20FUNCTIONAL%20PROGEAMMING/Assignments/FunctionalProgramingAssignments/Assignment_Functions%20and%20Data/Q4.scala, 464, 464, 476)
something's wrong: no file:///f%3A/ucsc/2%20year/lecs/SCS2204%20FUNCTIONAL%20PROGEAMMING/Assignments/FunctionalProgramingAssignments/Assignment_Functions%20and%20Data/Q4.scala in List[account]RangePosition(file:///f%3A/ucsc/2%20year/lecs/SCS2204%20FUNCTIONAL%20PROGEAMMING/Assignments/FunctionalProgramingAssignments/Assignment_Functions%20and%20Data/Q4.scala, 464, 464, 477)
something's wrong: no file:///f%3A/ucsc/2%20year/lecs/SCS2204%20FUNCTIONAL%20PROGEAMMING/Assignments/FunctionalProgramingAssignments/Assignment_Functions%20and%20Data/Q4.scala in List[account]RangePosition(file:///f%3A/ucsc/2%20year/lecs/SCS2204%20FUNCTIONAL%20PROGEAMMING/Assignments/FunctionalProgramingAssignments/Assignment_Functions%20and%20Data/Q4.scala, 464, 464, 477)
something's wrong: no file:///f%3A/ucsc/2%20year/lecs/SCS2204%20FUNCTIONAL%20PROGEAMMING/Assignments/FunctionalProgramingAssignments/Assignment_Functions%20and%20Data/Q4.scala in List[account]RangePosition(file:///f%3A/ucsc/2%20year/lecs/SCS2204%20FUNCTIONAL%20PROGEAMMING/Assignments/FunctionalProgramingAssignments/Assignment_Functions%20and%20Data/Q4.scala, 464, 464, 477)
2020.07.29 12:15:29 WARN  no build target for: F:\ucsc\2 year\lecs\SCS2204 FUNCTIONAL PROGEAMMING\Assignments\FunctionalProgramingAssignments\Assignment_Functions and Data\Q4.scala
something's wrong: no file:///f%3A/ucsc/2%20year/lecs/SCS2204%20FUNCTIONAL%20PROGEAMMING/Assignments/FunctionalProgramingAssignments/Assignment_Functions%20and%20Data/Q4.scala in List[account]RangePosition(file:///f%3A/ucsc/2%20year/lecs/SCS2204%20FUNCTIONAL%20PROGEAMMING/Assignments/FunctionalProgramingAssignments/Assignment_Functions%20and%20Data/Q4.scala, 464, 464, 477)
2020.07.29 12:17:14 WARN  no build target for: F:\ucsc\2 year\lecs\SCS2204 FUNCTIONAL PROGEAMMING\Assignments\FunctionalProgramingAssignments\Assignment_Functions and Data\Q4.scala
2020.07.29 12:21:30 WARN  no build target for: F:\ucsc\2 year\lecs\SCS2204 FUNCTIONAL PROGEAMMING\Assignments\FunctionalProgramingAssignments\Assignment_Functions and Data\Q4.scala
2020.07.29 12:21:53 WARN  no build tool detected in workspace 'F:\ucsc\2 year\lecs\SCS2204 FUNCTIONAL PROGEAMMING\Assignments\FunctionalProgramingAssignments\Assignment_Functions and Data'. The most common cause for this problem is that the editor was opened in the wrong working directory, for example if you use sbt then the workspace directory should contain build.sbt. 
2020.07.29 12:21:54 WARN  no build tool detected in workspace 'F:\ucsc\2 year\lecs\SCS2204 FUNCTIONAL PROGEAMMING\Assignments\FunctionalProgramingAssignments\Assignment_Functions and Data'. The most common cause for this problem is that the editor was opened in the wrong working directory, for example if you use sbt then the workspace directory should contain build.sbt. 
2020.07.29 12:22:02 WARN  no build tool detected in workspace 'F:\ucsc\2 year\lecs\SCS2204 FUNCTIONAL PROGEAMMING\Assignments\FunctionalProgramingAssignments\Assignment_Functions and Data'. The most common cause for this problem is that the editor was opened in the wrong working directory, for example if you use sbt then the workspace directory should contain build.sbt. 
2020.07.29 12:22:02 WARN  no build tool detected in workspace 'F:\ucsc\2 year\lecs\SCS2204 FUNCTIONAL PROGEAMMING\Assignments\FunctionalProgramingAssignments\Assignment_Functions and Data'. The most common cause for this problem is that the editor was opened in the wrong working directory, for example if you use sbt then the workspace directory should contain build.sbt. 
2020.07.29 12:22:03 WARN  no build tool detected in workspace 'F:\ucsc\2 year\lecs\SCS2204 FUNCTIONAL PROGEAMMING\Assignments\FunctionalProgramingAssignments\Assignment_Functions and Data'. The most common cause for this problem is that the editor was opened in the wrong working directory, for example if you use sbt then the workspace directory should contain build.sbt. 
2020.07.29 12:22:08 WARN  no build target for: F:\ucsc\2 year\lecs\SCS2204 FUNCTIONAL PROGEAMMING\Assignments\FunctionalProgramingAssignments\Assignment_Functions and Data\Q4.scala
2020.07.29 12:22:33 WARN  no build tool detected in workspace 'F:\ucsc\2 year\lecs\SCS2204 FUNCTIONAL PROGEAMMING\Assignments\FunctionalProgramingAssignments\Assignment_Functions and Data'. The most common cause for this problem is that the editor was opened in the wrong working directory, for example if you use sbt then the workspace directory should contain build.sbt. 
something's wrong: no file:///f%3A/ucsc/2%20year/lecs/SCS2204%20FUNCTIONAL%20PROGEAMMING/Assignments/FunctionalProgramingAssignments/Assignment_Functions%20and%20Data/Q4.scala in List[<error>]RangePosition(file:///f%3A/ucsc/2%20year/lecs/SCS2204%20FUNCTIONAL%20PROGEAMMING/Assignments/FunctionalProgramingAssignments/Assignment_Functions%20and%20Data/Q4.scala, 326, 326, 340)
something's wrong: no file:///f%3A/ucsc/2%20year/lecs/SCS2204%20FUNCTIONAL%20PROGEAMMING/Assignments/FunctionalProgramingAssignments/Assignment_Functions%20and%20Data/Q4.scala in List[<error>]RangePosition(file:///f%3A/ucsc/2%20year/lecs/SCS2204%20FUNCTIONAL%20PROGEAMMING/Assignments/FunctionalProgramingAssignments/Assignment_Functions%20and%20Data/Q4.scala, 326, 326, 333)
something's wrong: no file:///f%3A/ucsc/2%20year/lecs/SCS2204%20FUNCTIONAL%20PROGEAMMING/Assignments/FunctionalProgramingAssignments/Assignment_Functions%20and%20Data/Q4.scala in List[<error>]RangePosition(file:///f%3A/ucsc/2%20year/lecs/SCS2204%20FUNCTIONAL%20PROGEAMMING/Assignments/FunctionalProgramingAssignments/Assignment_Functions%20and%20Data/Q4.scala, 326, 326, 334)
something's wrong: no file:///f%3A/ucsc/2%20year/lecs/SCS2204%20FUNCTIONAL%20PROGEAMMING/Assignments/FunctionalProgramingAssignments/Assignment_Functions%20and%20Data/Q4.scala in List[<error>]RangePosition(file:///f%3A/ucsc/2%20year/lecs/SCS2204%20FUNCTIONAL%20PROGEAMMING/Assignments/FunctionalProgramingAssignments/Assignment_Functions%20and%20Data/Q4.scala, 326, 326, 335)
something's wrong: no file:///f%3A/ucsc/2%20year/lecs/SCS2204%20FUNCTIONAL%20PROGEAMMING/Assignments/FunctionalProgramingAssignments/Assignment_Functions%20and%20Data/Q4.scala in List[<error>]RangePosition(file:///f%3A/ucsc/2%20year/lecs/SCS2204%20FUNCTIONAL%20PROGEAMMING/Assignments/FunctionalProgramingAssignments/Assignment_Functions%20and%20Data/Q4.scala, 326, 326, 336)
something's wrong: no file:///f%3A/ucsc/2%20year/lecs/SCS2204%20FUNCTIONAL%20PROGEAMMING/Assignments/FunctionalProgramingAssignments/Assignment_Functions%20and%20Data/Q4.scala in List[<error>]RangePosition(file:///f%3A/ucsc/2%20year/lecs/SCS2204%20FUNCTIONAL%20PROGEAMMING/Assignments/FunctionalProgramingAssignments/Assignment_Functions%20and%20Data/Q4.scala, 326, 326, 337)
something's wrong: no file:///f%3A/ucsc/2%20year/lecs/SCS2204%20FUNCTIONAL%20PROGEAMMING/Assignments/FunctionalProgramingAssignments/Assignment_Functions%20and%20Data/Q4.scala in List[<error>]RangePosition(file:///f%3A/ucsc/2%20year/lecs/SCS2204%20FUNCTIONAL%20PROGEAMMING/Assignments/FunctionalProgramingAssignments/Assignment_Functions%20and%20Data/Q4.scala, 326, 326, 338)
something's wrong: no file:///f%3A/ucsc/2%20year/lecs/SCS2204%20FUNCTIONAL%20PROGEAMMING/Assignments/FunctionalProgramingAssignments/Assignment_Functions%20and%20Data/Q4.scala in List[account]RangePosition(file:///f%3A/ucsc/2%20year/lecs/SCS2204%20FUNCTIONAL%20PROGEAMMING/Assignments/FunctionalProgramingAssignments/Assignment_Functions%20and%20Data/Q4.scala, 326, 326, 339)
something's wrong: no file:///f%3A/ucsc/2%20year/lecs/SCS2204%20FUNCTIONAL%20PROGEAMMING/Assignments/FunctionalProgramingAssignments/Assignment_Functions%20and%20Data/Q4.scala in List[account]RangePosition(file:///f%3A/ucsc/2%20year/lecs/SCS2204%20FUNCTIONAL%20PROGEAMMING/Assignments/FunctionalProgramingAssignments/Assignment_Functions%20and%20Data/Q4.scala, 326, 326, 339)
something's wrong: no file:///f%3A/ucsc/2%20year/lecs/SCS2204%20FUNCTIONAL%20PROGEAMMING/Assignments/FunctionalProgramingAssignments/Assignment_Functions%20and%20Data/Q4.scala in List[account]RangePosition(file:///f%3A/ucsc/2%20year/lecs/SCS2204%20FUNCTIONAL%20PROGEAMMING/Assignments/FunctionalProgramingAssignments/Assignment_Functions%20and%20Data/Q4.scala, 326, 326, 339)
2020.07.29 12:23:30 WARN  no build tool detected in workspace 'F:\ucsc\2 year\lecs\SCS2204 FUNCTIONAL PROGEAMMING\Assignments\FunctionalProgramingAssignments\Assignment_Functions and Data'. The most common cause for this problem is that the editor was opened in the wrong working directory, for example if you use sbt then the workspace directory should contain build.sbt. 
2020.07.29 12:23:30 WARN  no build target for: F:\ucsc\2 year\lecs\SCS2204 FUNCTIONAL PROGEAMMING\Assignments\FunctionalProgramingAssignments\Assignment_Functions and Data\Q4.scala
2020.07.29 12:24:58 WARN  no build target for: F:\ucsc\2 year\lecs\SCS2204 FUNCTIONAL PROGEAMMING\Assignments\FunctionalProgramingAssignments\Assignment_Functions and Data\Q4.scala
2020.07.29 12:25:34 WARN  no build target for: F:\ucsc\2 year\lecs\SCS2204 FUNCTIONAL PROGEAMMING\Assignments\FunctionalProgramingAssignments\Assignment_Functions and Data\Q4.scala
2020.07.29 12:25:58 WARN  no build target for: F:\ucsc\2 year\lecs\SCS2204 FUNCTIONAL PROGEAMMING\Assignments\FunctionalProgramingAssignments\Assignment_Functions and Data\Q4.scala
2020.07.29 12:26:24 WARN  no build target for: F:\ucsc\2 year\lecs\SCS2204 FUNCTIONAL PROGEAMMING\Assignments\FunctionalProgramingAssignments\Assignment_Functions and Data\Q4.scala
2020.07.29 12:28:05 WARN  no build target for: F:\ucsc\2 year\lecs\SCS2204 FUNCTIONAL PROGEAMMING\Assignments\FunctionalProgramingAssignments\Assignment_Functions and Data\Q4.scala
2020.07.29 12:29:54 WARN  no build target for: F:\ucsc\2 year\lecs\SCS2204 FUNCTIONAL PROGEAMMING\Assignments\FunctionalProgramingAssignments\Assignment_Functions and Data\Q4.scala
2020.07.29 12:30:18 WARN  no build target for: F:\ucsc\2 year\lecs\SCS2204 FUNCTIONAL PROGEAMMING\Assignments\FunctionalProgramingAssignments\Assignment_Functions and Data\Q4.scala
2020.07.29 12:34:10 WARN  no build target for: F:\ucsc\2 year\lecs\SCS2204 FUNCTIONAL PROGEAMMING\Assignments\FunctionalProgramingAssignments\Assignment_Functions and Data\Q4.scala
2020.07.29 12:34:10 WARN  no build target for: F:\ucsc\2 year\lecs\SCS2204 FUNCTIONAL PROGEAMMING\Assignments\FunctionalProgramingAssignments\Assignment_Functions and Data\Q4.scala
2020.07.29 12:35:23 WARN  no build target for: F:\ucsc\2 year\lecs\SCS2204 FUNCTIONAL PROGEAMMING\Assignments\FunctionalProgramingAssignments\Assignment_Functions and Data\Q4.scala
2020.07.29 12:35:45 WARN  no build target for: F:\ucsc\2 year\lecs\SCS2204 FUNCTIONAL PROGEAMMING\Assignments\FunctionalProgramingAssignments\Assignment_Functions and Data\Q4.scala
2020.07.29 12:36:08 WARN  no build target for: F:\ucsc\2 year\lecs\SCS2204 FUNCTIONAL PROGEAMMING\Assignments\FunctionalProgramingAssignments\Assignment_Functions and Data\Q4.scala
2020.07.29 12:36:50 WARN  no build target for: F:\ucsc\2 year\lecs\SCS2204 FUNCTIONAL PROGEAMMING\Assignments\FunctionalProgramingAssignments\Assignment_Functions and Data\Q4.scala
2020.07.29 12:37:18 WARN  no build target for: F:\ucsc\2 year\lecs\SCS2204 FUNCTIONAL PROGEAMMING\Assignments\FunctionalProgramingAssignments\Assignment_Functions and Data\Q4.scala
2020.07.29 12:37:52 WARN  no build target for: F:\ucsc\2 year\lecs\SCS2204 FUNCTIONAL PROGEAMMING\Assignments\FunctionalProgramingAssignments\Assignment_Functions and Data\Q4.scala
2020.07.29 12:38:19 WARN  no build target for: F:\ucsc\2 year\lecs\SCS2204 FUNCTIONAL PROGEAMMING\Assignments\FunctionalProgramingAssignments\Assignment_Functions and Data\Q4.scala
2020.07.29 12:40:43 WARN  no build target for: F:\ucsc\2 year\lecs\SCS2204 FUNCTIONAL PROGEAMMING\Assignments\FunctionalProgramingAssignments\Assignment_Functions and Data\Q4.scala
2020.07.29 12:41:26 WARN  no build target for: F:\ucsc\2 year\lecs\SCS2204 FUNCTIONAL PROGEAMMING\Assignments\FunctionalProgramingAssignments\Assignment_Functions and Data\Q4.scala
something's wrong: no file:///f%3A/ucsc/2%20year/lecs/SCS2204%20FUNCTIONAL%20PROGEAMMING/Assignments/FunctionalProgramingAssignments/Assignment_Functions%20and%20Data/Q4.scala in List[account]RangePosition(file:///f%3A/ucsc/2%20year/lecs/SCS2204%20FUNCTIONAL%20PROGEAMMING/Assignments/FunctionalProgramingAssignments/Assignment_Functions%20and%20Data/Q4.scala, 330, 330, 343)
2020.07.29 12:43:13 WARN  no build target for: F:\ucsc\2 year\lecs\SCS2204 FUNCTIONAL PROGEAMMING\Assignments\FunctionalProgramingAssignments\Assignment_Functions and Data\Q4.scala
2020.07.29 12:49:10 WARN  no build tool detected in workspace 'F:\ucsc\2 year\lecs\SCS2204 FUNCTIONAL PROGEAMMING\Assignments\FunctionalProgramingAssignments\Assignment_Functions and Data'. The most common cause for this problem is that the editor was opened in the wrong working directory, for example if you use sbt then the workspace directory should contain build.sbt. 
2020.07.29 12:49:10 WARN  no build target for: F:\ucsc\2 year\lecs\SCS2204 FUNCTIONAL PROGEAMMING\Assignments\FunctionalProgramingAssignments\Assignment_Functions and Data\Q4.scala
something's wrong: no file:///f%3A/ucsc/2%20year/lecs/SCS2204%20FUNCTIONAL%20PROGEAMMING/Assignments/FunctionalProgramingAssignments/Assignment_Functions%20and%20Data/Q4.scala in List[account]RangePosition(file:///f%3A/ucsc/2%20year/lecs/SCS2204%20FUNCTIONAL%20PROGEAMMING/Assignments/FunctionalProgramingAssignments/Assignment_Functions%20and%20Data/Q4.scala, 330, 330, 343)
2020.07.29 12:52:02 WARN  no build target for: F:\ucsc\2 year\lecs\SCS2204 FUNCTIONAL PROGEAMMING\Assignments\FunctionalProgramingAssignments\Assignment_Functions and Data\Q4.scala
Jul 29, 2020 12:56:32 PM org.eclipse.lsp4j.jsonrpc.RemoteEndpoint handleCancellation
WARNING: Unmatched cancel notification for request id 4787
2020.07.29 12:56:54 WARN  no build target for: F:\ucsc\2 year\lecs\SCS2204 FUNCTIONAL PROGEAMMING\Assignments\FunctionalProgramingAssignments\Assignment_Functions and Data\Q4.scala
2020.07.29 12:58:01 WARN  no build target for: F:\ucsc\2 year\lecs\SCS2204 FUNCTIONAL PROGEAMMING\Assignments\FunctionalProgramingAssignments\Assignment_Functions and Data\Q4.scala
2020.07.29 12:59:08 WARN  no build target for: F:\ucsc\2 year\lecs\SCS2204 FUNCTIONAL PROGEAMMING\Assignments\FunctionalProgramingAssignments\Assignment_Functions and Data\Q4.scala
2020.07.29 12:59:57 WARN  no build target for: F:\ucsc\2 year\lecs\SCS2204 FUNCTIONAL PROGEAMMING\Assignments\FunctionalProgramingAssignments\Assignment_Functions and Data\Q4.scala
2020.07.29 13:00:37 WARN  no build target for: F:\ucsc\2 year\lecs\SCS2204 FUNCTIONAL PROGEAMMING\Assignments\FunctionalProgramingAssignments\Assignment_Functions and Data\Q4.scala
2020.07.29 13:05:39 WARN  no build target for: F:\ucsc\2 year\lecs\SCS2204 FUNCTIONAL PROGEAMMING\Assignments\FunctionalProgramingAssignments\Assignment_Functions and Data\Q4.scala
2020.07.29 13:05:39 WARN  no build tool detected in workspace 'F:\ucsc\2 year\lecs\SCS2204 FUNCTIONAL PROGEAMMING\Assignments\FunctionalProgramingAssignments\Assignment_Functions and Data'. The most common cause for this problem is that the editor was opened in the wrong working directory, for example if you use sbt then the workspace directory should contain build.sbt. 
2020.07.29 13:05:39 WARN  no build tool detected in workspace 'F:\ucsc\2 year\lecs\SCS2204 FUNCTIONAL PROGEAMMING\Assignments\FunctionalProgramingAssignments\Assignment_Functions and Data'. The most common cause for this problem is that the editor was opened in the wrong working directory, for example if you use sbt then the workspace directory should contain build.sbt. 
2020.07.29 13:06:07 WARN  no build target for: F:\ucsc\2 year\lecs\SCS2204 FUNCTIONAL PROGEAMMING\Assignments\FunctionalProgramingAssignments\Assignment_Functions and Data\Q4.scala
2020.07.29 13:06:20 WARN  no build target for: F:\ucsc\2 year\lecs\SCS2204 FUNCTIONAL PROGEAMMING\Assignments\FunctionalProgramingAssignments\Assignment_Functions and Data\Q4.scala
2020.07.29 13:07:29 WARN  no build target for: F:\ucsc\2 year\lecs\SCS2204 FUNCTIONAL PROGEAMMING\Assignments\FunctionalProgramingAssignments\Assignment_Functions and Data\Q4.scala
2020.07.29 13:07:48 WARN  no build target for: F:\ucsc\2 year\lecs\SCS2204 FUNCTIONAL PROGEAMMING\Assignments\FunctionalProgramingAssignments\Assignment_Functions and Data\Q2.scala
2020.07.29 13:07:52 WARN  no build target for: F:\ucsc\2 year\lecs\SCS2204 FUNCTIONAL PROGEAMMING\Assignments\FunctionalProgramingAssignments\Assignment_Functions and Data\Q4.scala
2020.07.29 13:07:52 WARN  no build tool detected in workspace 'F:\ucsc\2 year\lecs\SCS2204 FUNCTIONAL PROGEAMMING\Assignments\FunctionalProgramingAssignments\Assignment_Functions and Data'. The most common cause for this problem is that the editor was opened in the wrong working directory, for example if you use sbt then the workspace directory should contain build.sbt. 
2020.07.29 13:10:01 INFO  shutting down Metals
